{"/Users/lixiaoyi/GitRepository/security-analyze-project/frontend/src/api/modules/collection.ts": {"path":"/Users/lixiaoyi/GitRepository/security-analyze-project/frontend/src/api/modules/collection.ts","statementMap":{"0":{"start":{"line":5,"column":15},"end":{"line":5,"column":null}},"1":{"start":{"line":7,"column":33},"end":{"line":24,"column":null}},"2":{"start":{"line":10,"column":19},"end":{"line":10,"column":40}},"3":{"start":{"line":11,"column":4},"end":{"line":11,"column":null}},"4":{"start":{"line":12,"column":4},"end":{"line":12,"column":null}},"5":{"start":{"line":13,"column":4},"end":{"line":13,"column":null}},"6":{"start":{"line":13,"column":16},"end":{"line":13,"column":null}},"7":{"start":{"line":14,"column":4},"end":{"line":14,"column":null}},"8":{"start":{"line":14,"column":18},"end":{"line":14,"column":null}},"9":{"start":{"line":15,"column":4},"end":{"line":15,"column":null}},"10":{"start":{"line":19,"column":27},"end":{"line":19,"column":70}},"11":{"start":{"line":23,"column":4},"end":{"line":23,"column":null}}},"fnMap":{"0":{"name":"(anonymous_0)","decl":{"start":{"line":9,"column":2},"end":{"line":9,"column":9}},"loc":{"start":{"line":9,"column":66},"end":{"line":15,"column":null}},"line":9},"1":{"name":"(anonymous_1)","decl":{"start":{"line":19,"column":2},"end":{"line":19,"column":12}},"loc":{"start":{"line":19,"column":27},"end":{"line":19,"column":70}},"line":19},"2":{"name":"(anonymous_2)","decl":{"start":{"line":22,"column":2},"end":{"line":22,"column":11}},"loc":{"start":{"line":23,"column":4},"end":{"line":23,"column":null}},"line":23}},"branchMap":{"0":{"loc":{"start":{"line":13,"column":4},"end":{"line":13,"column":null}},"type":"if","locations":[{"start":{"line":13,"column":4},"end":{"line":13,"column":null}},{"start":{},"end":{}}],"line":13},"1":{"loc":{"start":{"line":14,"column":4},"end":{"line":14,"column":null}},"type":"if","locations":[{"start":{"line":14,"column":4},"end":{"line":14,"column":null}},{"start":{},"end":{}}],"line":14}},"s":{"0":1,"1":1,"2":2,"3":2,"4":2,"5":2,"6":1,"7":2,"8":1,"9":2,"10":1,"11":1},"f":{"0":2,"1":1,"2":1},"b":{"0":[1,1],"1":[1,1]},"meta":{"lastBranch":2,"lastFunction":3,"lastStatement":12,"seen":{"s:5:15:5:Infinity":0,"s:7:33:24:Infinity":1,"f:9:2:9:9":0,"s:10:19:10:40":2,"s:11:4:11:Infinity":3,"s:12:4:12:Infinity":4,"b:13:4:13:Infinity:undefined:undefined:undefined:undefined":0,"s:13:4:13:Infinity":5,"s:13:16:13:Infinity":6,"b:14:4:14:Infinity:undefined:undefined:undefined:undefined":1,"s:14:4:14:Infinity":7,"s:14:18:14:Infinity":8,"s:15:4:15:Infinity":9,"f:19:2:19:12":1,"s:19:27:19:70":10,"f:22:2:22:11":2,"s:23:4:23:Infinity":11}}}
,"/Users/lixiaoyi/GitRepository/security-analyze-project/frontend/src/api/modules/company.ts": {"path":"/Users/lixiaoyi/GitRepository/security-analyze-project/frontend/src/api/modules/company.ts","statementMap":{"0":{"start":{"line":5,"column":15},"end":{"line":5,"column":null}},"1":{"start":{"line":7,"column":26},"end":{"line":26,"column":null}},"2":{"start":{"line":10,"column":19},"end":{"line":10,"column":40}},"3":{"start":{"line":11,"column":4},"end":{"line":11,"column":null}},"4":{"start":{"line":12,"column":4},"end":{"line":12,"column":null}},"5":{"start":{"line":13,"column":4},"end":{"line":13,"column":null}},"6":{"start":{"line":13,"column":18},"end":{"line":13,"column":null}},"7":{"start":{"line":14,"column":4},"end":{"line":14,"column":null}},"8":{"start":{"line":14,"column":18},"end":{"line":14,"column":null}},"9":{"start":{"line":15,"column":4},"end":{"line":15,"column":null}},"10":{"start":{"line":15,"column":17},"end":{"line":15,"column":null}},"11":{"start":{"line":16,"column":4},"end":{"line":16,"column":null}},"12":{"start":{"line":16,"column":24},"end":{"line":16,"column":null}},"13":{"start":{"line":17,"column":4},"end":{"line":17,"column":null}},"14":{"start":{"line":22,"column":4},"end":{"line":22,"column":51}},"15":{"start":{"line":25,"column":42},"end":{"line":25,"column":null}}},"fnMap":{"0":{"name":"(anonymous_0)","decl":{"start":{"line":9,"column":2},"end":{"line":9,"column":9}},"loc":{"start":{"line":9,"column":111},"end":{"line":17,"column":null}},"line":9},"1":{"name":"(anonymous_1)","decl":{"start":{"line":21,"column":2},"end":{"line":21,"column":17}},"loc":{"start":{"line":22,"column":4},"end":{"line":22,"column":51}},"line":22},"2":{"name":"(anonymous_2)","decl":{"start":{"line":25,"column":2},"end":{"line":25,"column":11}},"loc":{"start":{"line":25,"column":42},"end":{"line":25,"column":null}},"line":25}},"branchMap":{"0":{"loc":{"start":{"line":13,"column":4},"end":{"line":13,"column":null}},"type":"if","locations":[{"start":{"line":13,"column":4},"end":{"line":13,"column":null}},{"start":{},"end":{}}],"line":13},"1":{"loc":{"start":{"line":14,"column":4},"end":{"line":14,"column":null}},"type":"if","locations":[{"start":{"line":14,"column":4},"end":{"line":14,"column":null}},{"start":{},"end":{}}],"line":14},"2":{"loc":{"start":{"line":15,"column":4},"end":{"line":15,"column":null}},"type":"if","locations":[{"start":{"line":15,"column":4},"end":{"line":15,"column":null}},{"start":{},"end":{}}],"line":15},"3":{"loc":{"start":{"line":16,"column":4},"end":{"line":16,"column":null}},"type":"if","locations":[{"start":{"line":16,"column":4},"end":{"line":16,"column":null}},{"start":{},"end":{}}],"line":16}},"s":{"0":2,"1":2,"2":3,"3":3,"4":3,"5":3,"6":1,"7":3,"8":1,"9":3,"10":1,"11":3,"12":1,"13":3,"14":1,"15":1},"f":{"0":3,"1":1,"2":1},"b":{"0":[1,2],"1":[1,2],"2":[1,2],"3":[1,2]},"meta":{"lastBranch":4,"lastFunction":3,"lastStatement":16,"seen":{"s:5:15:5:Infinity":0,"s:7:26:26:Infinity":1,"f:9:2:9:9":0,"s:10:19:10:40":2,"s:11:4:11:Infinity":3,"s:12:4:12:Infinity":4,"b:13:4:13:Infinity:undefined:undefined:undefined:undefined":0,"s:13:4:13:Infinity":5,"s:13:18:13:Infinity":6,"b:14:4:14:Infinity:undefined:undefined:undefined:undefined":1,"s:14:4:14:Infinity":7,"s:14:18:14:Infinity":8,"b:15:4:15:Infinity:undefined:undefined:undefined:undefined":2,"s:15:4:15:Infinity":9,"s:15:17:15:Infinity":10,"b:16:4:16:Infinity:undefined:undefined:undefined:undefined":3,"s:16:4:16:Infinity":11,"s:16:24:16:Infinity":12,"s:17:4:17:Infinity":13,"f:21:2:21:17":1,"s:22:4:22:51":14,"f:25:2:25:11":2,"s:25:42:25:Infinity":15}}}
,"/Users/lixiaoyi/GitRepository/security-analyze-project/frontend/src/api/modules/stock.ts": {"path":"/Users/lixiaoyi/GitRepository/security-analyze-project/frontend/src/api/modules/stock.ts","statementMap":{"0":{"start":{"line":5,"column":15},"end":{"line":5,"column":null}},"1":{"start":{"line":7,"column":24},"end":{"line":26,"column":null}},"2":{"start":{"line":10,"column":19},"end":{"line":10,"column":40}},"3":{"start":{"line":11,"column":4},"end":{"line":11,"column":null}},"4":{"start":{"line":12,"column":4},"end":{"line":12,"column":null}},"5":{"start":{"line":13,"column":4},"end":{"line":13,"column":null}},"6":{"start":{"line":13,"column":16},"end":{"line":13,"column":null}},"7":{"start":{"line":14,"column":4},"end":{"line":14,"column":null}},"8":{"start":{"line":14,"column":18},"end":{"line":14,"column":null}},"9":{"start":{"line":15,"column":4},"end":{"line":15,"column":null}},"10":{"start":{"line":15,"column":14},"end":{"line":15,"column":null}},"11":{"start":{"line":16,"column":4},"end":{"line":16,"column":null}},"12":{"start":{"line":16,"column":17},"end":{"line":16,"column":null}},"13":{"start":{"line":17,"column":4},"end":{"line":17,"column":null}},"14":{"start":{"line":22,"column":4},"end":{"line":22,"column":51}},"15":{"start":{"line":25,"column":40},"end":{"line":25,"column":null}}},"fnMap":{"0":{"name":"(anonymous_0)","decl":{"start":{"line":9,"column":2},"end":{"line":9,"column":9}},"loc":{"start":{"line":9,"column":99},"end":{"line":17,"column":null}},"line":9},"1":{"name":"(anonymous_1)","decl":{"start":{"line":21,"column":2},"end":{"line":21,"column":19}},"loc":{"start":{"line":22,"column":4},"end":{"line":22,"column":51}},"line":22},"2":{"name":"(anonymous_2)","decl":{"start":{"line":25,"column":2},"end":{"line":25,"column":11}},"loc":{"start":{"line":25,"column":40},"end":{"line":25,"column":null}},"line":25}},"branchMap":{"0":{"loc":{"start":{"line":13,"column":4},"end":{"line":13,"column":null}},"type":"if","locations":[{"start":{"line":13,"column":4},"end":{"line":13,"column":null}},{"start":{},"end":{}}],"line":13},"1":{"loc":{"start":{"line":14,"column":4},"end":{"line":14,"column":null}},"type":"if","locations":[{"start":{"line":14,"column":4},"end":{"line":14,"column":null}},{"start":{},"end":{}}],"line":14},"2":{"loc":{"start":{"line":15,"column":4},"end":{"line":15,"column":null}},"type":"if","locations":[{"start":{"line":15,"column":4},"end":{"line":15,"column":null}},{"start":{},"end":{}}],"line":15},"3":{"loc":{"start":{"line":16,"column":4},"end":{"line":16,"column":null}},"type":"if","locations":[{"start":{"line":16,"column":4},"end":{"line":16,"column":null}},{"start":{},"end":{}}],"line":16}},"s":{"0":2,"1":2,"2":3,"3":3,"4":3,"5":3,"6":1,"7":3,"8":1,"9":3,"10":1,"11":3,"12":1,"13":3,"14":1,"15":1},"f":{"0":3,"1":1,"2":1},"b":{"0":[1,2],"1":[1,2],"2":[1,2],"3":[1,2]},"meta":{"lastBranch":4,"lastFunction":3,"lastStatement":16,"seen":{"s:5:15:5:Infinity":0,"s:7:24:26:Infinity":1,"f:9:2:9:9":0,"s:10:19:10:40":2,"s:11:4:11:Infinity":3,"s:12:4:12:Infinity":4,"b:13:4:13:Infinity:undefined:undefined:undefined:undefined":0,"s:13:4:13:Infinity":5,"s:13:16:13:Infinity":6,"b:14:4:14:Infinity:undefined:undefined:undefined:undefined":1,"s:14:4:14:Infinity":7,"s:14:18:14:Infinity":8,"b:15:4:15:Infinity:undefined:undefined:undefined:undefined":2,"s:15:4:15:Infinity":9,"s:15:14:15:Infinity":10,"b:16:4:16:Infinity:undefined:undefined:undefined:undefined":3,"s:16:4:16:Infinity":11,"s:16:17:16:Infinity":12,"s:17:4:17:Infinity":13,"f:21:2:21:19":1,"s:22:4:22:51":14,"f:25:2:25:11":2,"s:25:40:25:Infinity":15}}}
,"/Users/lixiaoyi/GitRepository/security-analyze-project/frontend/src/components/base/BaseButton.vue": {"path":"/Users/lixiaoyi/GitRepository/security-analyze-project/frontend/src/components/base/BaseButton.vue","statementMap":{"0":{"start":{"line":12,"column":13},"end":{"line":12,"column":null}},"1":{"start":{"line":16,"column":6},"end":{"line":17,"column":null}},"2":{"start":{"line":17,"column":2},"end":{"line":17,"column":null}},"3":{"start":{"line":22,"column":2},"end":{"line":28,"column":null}}},"fnMap":{"0":{"name":"(anonymous_0)","decl":{"start":{"line":16,"column":6},"end":{"line":16,"column":21}},"loc":{"start":{"line":16,"column":39},"end":{"line":17,"column":null}},"line":16}},"branchMap":{},"s":{"0":3,"1":3,"2":1,"3":3},"f":{"0":1},"b":{},"meta":{"lastBranch":0,"lastFunction":1,"lastStatement":4,"seen":{"s:12:13:12:Infinity":0,"s:16:6:17:Infinity":1,"f:16:6:16:21":0,"s:17:2:17:Infinity":2,"s:22:2:28:Infinity":3}}}
,"/Users/lixiaoyi/GitRepository/security-analyze-project/frontend/src/composables/useRequest.ts": {"path":"/Users/lixiaoyi/GitRepository/security-analyze-project/frontend/src/composables/useRequest.ts","statementMap":{"0":{"start":{"line":17,"column":52},"end":{"line":17,"column":null}},"1":{"start":{"line":19,"column":8},"end":{"line":19,"column":34}},"2":{"start":{"line":20,"column":8},"end":{"line":20,"column":28}},"3":{"start":{"line":21,"column":8},"end":{"line":21,"column":39}},"4":{"start":{"line":23,"column":8},"end":{"line":23,"column":95}},"5":{"start":{"line":23,"column":33},"end":{"line":23,"column":95}},"6":{"start":{"line":25,"column":18},"end":{"line":40,"column":null}},"7":{"start":{"line":26,"column":4},"end":{"line":26,"column":null}},"8":{"start":{"line":27,"column":4},"end":{"line":27,"column":null}},"9":{"start":{"line":29,"column":4},"end":{"line":40,"column":null}},"10":{"start":{"line":30,"column":21},"end":{"line":30,"column":38}},"11":{"start":{"line":31,"column":6},"end":{"line":31,"column":null}},"12":{"start":{"line":32,"column":6},"end":{"line":32,"column":null}},"13":{"start":{"line":33,"column":6},"end":{"line":33,"column":null}},"14":{"start":{"line":35,"column":16},"end":{"line":35,"column":67}},"15":{"start":{"line":36,"column":6},"end":{"line":36,"column":null}},"16":{"start":{"line":37,"column":6},"end":{"line":37,"column":null}},"17":{"start":{"line":38,"column":6},"end":{"line":38,"column":null}},"18":{"start":{"line":40,"column":6},"end":{"line":40,"column":null}},"19":{"start":{"line":44,"column":2},"end":{"line":45,"column":null}},"20":{"start":{"line":45,"column":4},"end":{"line":45,"column":null}},"21":{"start":{"line":48,"column":2},"end":{"line":54,"column":null}}},"fnMap":{"0":{"name":"useRequest","decl":{"start":{"line":13,"column":16},"end":{"line":13,"column":null}},"loc":{"start":{"line":16,"column":2},"end":{"line":54,"column":null}},"line":16},"1":{"name":"(anonymous_1)","decl":{"start":{"line":23,"column":18},"end":{"line":23,"column":33}},"loc":{"start":{"line":23,"column":33},"end":{"line":23,"column":95}},"line":23},"2":{"name":"(anonymous_2)","decl":{"start":{"line":25,"column":18},"end":{"line":25,"column":30}},"loc":{"start":{"line":25,"column":30},"end":{"line":40,"column":null}},"line":25}},"branchMap":{"0":{"loc":{"start":{"line":15,"column":2},"end":{"line":15,"column":36}},"type":"default-arg","locations":[{"start":{"line":15,"column":34},"end":{"line":15,"column":36}}],"line":15},"1":{"loc":{"start":{"line":17,"column":10},"end":{"line":17,"column":29}},"type":"default-arg","locations":[{"start":{"line":17,"column":22},"end":{"line":17,"column":29}}],"line":17},"2":{"loc":{"start":{"line":23,"column":33},"end":{"line":23,"column":95}},"type":"binary-expr","locations":[{"start":{"line":23,"column":33},"end":{"line":23,"column":51}},{"start":{"line":23,"column":51},"end":{"line":23,"column":75}},{"start":{"line":23,"column":75},"end":{"line":23,"column":95}}],"line":23},"3":{"loc":{"start":{"line":35,"column":16},"end":{"line":35,"column":67}},"type":"cond-expr","locations":[{"start":{"line":35,"column":39},"end":{"line":35,"column":45}},{"start":{"line":35,"column":45},"end":{"line":35,"column":67}}],"line":35},"4":{"loc":{"start":{"line":44,"column":2},"end":{"line":45,"column":null}},"type":"if","locations":[{"start":{"line":44,"column":2},"end":{"line":45,"column":null}},{"start":{},"end":{}}],"line":44}},"s":{"0":9,"1":9,"2":9,"3":9,"4":9,"5":3,"6":9,"7":10,"8":10,"9":10,"10":10,"11":6,"12":6,"13":10,"14":4,"15":4,"16":4,"17":4,"18":10,"19":9,"20":1,"21":9},"f":{"0":9,"1":3,"2":10},"b":{"0":[9],"1":[9],"2":[3,2,2],"3":[3,1],"4":[1,8]},"meta":{"lastBranch":5,"lastFunction":3,"lastStatement":22,"seen":{"f:13:16:13:Infinity":0,"b:15:34:15:36":0,"s:17:52:17:Infinity":0,"b:17:22:17:29":1,"s:19:8:19:34":1,"s:20:8:20:28":2,"s:21:8:21:39":3,"s:23:8:23:95":4,"f:23:18:23:33":1,"s:23:33:23:95":5,"b:23:33:23:51:23:51:23:75:23:75:23:95":2,"s:25:18:40:Infinity":6,"f:25:18:25:30":2,"s:26:4:26:Infinity":7,"s:27:4:27:Infinity":8,"s:29:4:40:Infinity":9,"s:30:21:30:38":10,"s:31:6:31:Infinity":11,"s:32:6:32:Infinity":12,"s:33:6:33:Infinity":13,"s:35:16:35:67":14,"b:35:39:35:45:35:45:35:67":3,"s:36:6:36:Infinity":15,"s:37:6:37:Infinity":16,"s:38:6:38:Infinity":17,"s:40:6:40:Infinity":18,"b:44:2:45:Infinity:undefined:undefined:undefined:undefined":4,"s:44:2:45:Infinity":19,"s:45:4:45:Infinity":20,"s:48:2:54:Infinity":21}}}
,"/Users/lixiaoyi/GitRepository/security-analyze-project/frontend/src/stores/modules/auth.ts": {"path":"/Users/lixiaoyi/GitRepository/security-analyze-project/frontend/src/stores/modules/auth.ts","statementMap":{"0":{"start":{"line":28,"column":18},"end":{"line":28,"column":null}},"1":{"start":{"line":30,"column":13},"end":{"line":168,"column":null}},"2":{"start":{"line":31,"column":8},"end":{"line":31,"column":40}},"3":{"start":{"line":32,"column":8},"end":{"line":32,"column":41}},"4":{"start":{"line":33,"column":8},"end":{"line":33,"column":31}},"5":{"start":{"line":35,"column":8},"end":{"line":35,"column":66}},"6":{"start":{"line":35,"column":36},"end":{"line":35,"column":66}},"7":{"start":{"line":36,"column":8},"end":{"line":36,"column":72}},"8":{"start":{"line":36,"column":39},"end":{"line":36,"column":72}},"9":{"start":{"line":37,"column":8},"end":{"line":37,"column":93}},"10":{"start":{"line":37,"column":37},"end":{"line":37,"column":93}},"11":{"start":{"line":38,"column":8},"end":{"line":45,"column":null}},"12":{"start":{"line":39,"column":40},"end":{"line":43,"column":null}},"13":{"start":{"line":44,"column":4},"end":{"line":44,"column":null}},"14":{"start":{"line":48,"column":23},"end":{"line":48,"column":91}},"15":{"start":{"line":49,"column":4},"end":{"line":53,"column":null}},"16":{"start":{"line":50,"column":6},"end":{"line":50,"column":null}},"17":{"start":{"line":51,"column":6},"end":{"line":53,"column":null}},"18":{"start":{"line":52,"column":8},"end":{"line":52,"column":null}},"19":{"start":{"line":58,"column":4},"end":{"line":58,"column":null}},"20":{"start":{"line":59,"column":4},"end":{"line":59,"column":null}},"21":{"start":{"line":60,"column":4},"end":{"line":63,"column":null}},"22":{"start":{"line":61,"column":6},"end":{"line":61,"column":null}},"23":{"start":{"line":63,"column":6},"end":{"line":63,"column":null}},"24":{"start":{"line":68,"column":4},"end":{"line":68,"column":null}},"25":{"start":{"line":69,"column":4},"end":{"line":69,"column":null}},"26":{"start":{"line":70,"column":4},"end":{"line":70,"column":null}},"27":{"start":{"line":71,"column":4},"end":{"line":71,"column":null}},"28":{"start":{"line":75,"column":17},"end":{"line":84,"column":6}},"29":{"start":{"line":85,"column":4},"end":{"line":85,"column":null}},"30":{"start":{"line":86,"column":4},"end":{"line":86,"column":null}},"31":{"start":{"line":87,"column":4},"end":{"line":87,"column":null}},"32":{"start":{"line":91,"column":19},"end":{"line":97,"column":6}},"33":{"start":{"line":98,"column":4},"end":{"line":98,"column":null}},"34":{"start":{"line":102,"column":4},"end":{"line":102,"column":null}},"35":{"start":{"line":106,"column":4},"end":{"line":106,"column":null}},"36":{"start":{"line":110,"column":4},"end":{"line":110,"column":null}},"37":{"start":{"line":110,"column":22},"end":{"line":110,"column":null}},"38":{"start":{"line":111,"column":17},"end":{"line":111,"column":60}},"39":{"start":{"line":112,"column":4},"end":{"line":112,"column":null}},"40":{"start":{"line":113,"column":4},"end":{"line":113,"column":null}},"41":{"start":{"line":117,"column":4},"end":{"line":119,"column":null}},"42":{"start":{"line":118,"column":6},"end":{"line":118,"column":null}},"43":{"start":{"line":122,"column":4},"end":{"line":122,"column":null}},"44":{"start":{"line":126,"column":17},"end":{"line":126,"column":100}},"45":{"start":{"line":127,"column":4},"end":{"line":127,"column":null}},"46":{"start":{"line":131,"column":17},"end":{"line":131,"column":94}},"47":{"start":{"line":132,"column":4},"end":{"line":132,"column":null}},"48":{"start":{"line":136,"column":4},"end":{"line":136,"column":null}},"49":{"start":{"line":140,"column":4},"end":{"line":144,"column":null}},"50":{"start":{"line":147,"column":2},"end":{"line":167,"column":null}}},"fnMap":{"0":{"name":"(anonymous_0)","decl":{"start":{"line":30,"column":40},"end":{"line":30,"column":54}},"loc":{"start":{"line":30,"column":54},"end":{"line":168,"column":null}},"line":30},"1":{"name":"(anonymous_1)","decl":{"start":{"line":35,"column":21},"end":{"line":35,"column":36}},"loc":{"start":{"line":35,"column":36},"end":{"line":35,"column":66}},"line":35},"2":{"name":"(anonymous_2)","decl":{"start":{"line":36,"column":24},"end":{"line":36,"column":39}},"loc":{"start":{"line":36,"column":39},"end":{"line":36,"column":72}},"line":36},"3":{"name":"(anonymous_3)","decl":{"start":{"line":37,"column":22},"end":{"line":37,"column":37}},"loc":{"start":{"line":37,"column":37},"end":{"line":37,"column":93}},"line":37},"4":{"name":"(anonymous_4)","decl":{"start":{"line":38,"column":20},"end":{"line":38,"column":35}},"loc":{"start":{"line":38,"column":35},"end":{"line":45,"column":null}},"line":38},"5":{"name":"initAuth","decl":{"start":{"line":47,"column":11},"end":{"line":47,"column":22}},"loc":{"start":{"line":47,"column":22},"end":{"line":53,"column":null}},"line":47},"6":{"name":"(anonymous_6)","decl":{"start":{"line":51,"column":25},"end":{"line":51,"column":37}},"loc":{"start":{"line":51,"column":37},"end":{"line":53,"column":null}},"line":51},"7":{"name":"setToken","decl":{"start":{"line":57,"column":11},"end":{"line":57,"column":20}},"loc":{"start":{"line":57,"column":57},"end":{"line":63,"column":null}},"line":57},"8":{"name":"clearAuth","decl":{"start":{"line":67,"column":11},"end":{"line":67,"column":23}},"loc":{"start":{"line":67,"column":23},"end":{"line":71,"column":null}},"line":67},"9":{"name":"login","decl":{"start":{"line":74,"column":17},"end":{"line":74,"column":23}},"loc":{"start":{"line":74,"column":54},"end":{"line":87,"column":null}},"line":74},"10":{"name":"register","decl":{"start":{"line":90,"column":17},"end":{"line":90,"column":26}},"loc":{"start":{"line":90,"column":46},"end":{"line":98,"column":null}},"line":90},"11":{"name":"verifyEmail","decl":{"start":{"line":101,"column":17},"end":{"line":101,"column":29}},"loc":{"start":{"line":101,"column":59},"end":{"line":102,"column":null}},"line":101},"12":{"name":"resendVerification","decl":{"start":{"line":105,"column":17},"end":{"line":105,"column":36}},"loc":{"start":{"line":105,"column":52},"end":{"line":106,"column":null}},"line":105},"13":{"name":"fetchCurrentUser","decl":{"start":{"line":109,"column":17},"end":{"line":109,"column":36}},"loc":{"start":{"line":109,"column":36},"end":{"line":113,"column":null}},"line":109},"14":{"name":"logout","decl":{"start":{"line":116,"column":17},"end":{"line":116,"column":26}},"loc":{"start":{"line":116,"column":26},"end":{"line":122,"column":null}},"line":116},"15":{"name":"checkUsername","decl":{"start":{"line":125,"column":17},"end":{"line":125,"column":31}},"loc":{"start":{"line":125,"column":67},"end":{"line":127,"column":null}},"line":125},"16":{"name":"checkEmail","decl":{"start":{"line":130,"column":17},"end":{"line":130,"column":28}},"loc":{"start":{"line":130,"column":61},"end":{"line":132,"column":null}},"line":130},"17":{"name":"verifyResetToken","decl":{"start":{"line":135,"column":17},"end":{"line":135,"column":34}},"loc":{"start":{"line":135,"column":93},"end":{"line":136,"column":null}},"line":135},"18":{"name":"resetPassword","decl":{"start":{"line":139,"column":17},"end":{"line":139,"column":31}},"loc":{"start":{"line":139,"column":107},"end":{"line":144,"column":null}},"line":139}},"branchMap":{"0":{"loc":{"start":{"line":35,"column":36},"end":{"line":35,"column":66}},"type":"binary-expr","locations":[{"start":{"line":35,"column":36},"end":{"line":35,"column":53}},{"start":{"line":35,"column":53},"end":{"line":35,"column":66}}],"line":35},"1":{"loc":{"start":{"line":36,"column":39},"end":{"line":36,"column":72}},"type":"binary-expr","locations":[{"start":{"line":36,"column":39},"end":{"line":36,"column":68}},{"start":{"line":36,"column":68},"end":{"line":36,"column":72}}],"line":36},"2":{"loc":{"start":{"line":37,"column":37},"end":{"line":37,"column":93}},"type":"binary-expr","locations":[{"start":{"line":37,"column":37},"end":{"line":37,"column":64}},{"start":{"line":37,"column":64},"end":{"line":37,"column":88}},{"start":{"line":37,"column":88},"end":{"line":37,"column":93}}],"line":37},"3":{"loc":{"start":{"line":44,"column":11},"end":{"line":44,"column":null}},"type":"binary-expr","locations":[{"start":{"line":44,"column":11},"end":{"line":44,"column":42}},{"start":{"line":44,"column":42},"end":{"line":44,"column":62}},{"start":{"line":44,"column":62},"end":{"line":44,"column":null}}],"line":44},"4":{"loc":{"start":{"line":48,"column":23},"end":{"line":48,"column":91}},"type":"binary-expr","locations":[{"start":{"line":48,"column":23},"end":{"line":48,"column":56}},{"start":{"line":48,"column":60},"end":{"line":48,"column":91}}],"line":48},"5":{"loc":{"start":{"line":49,"column":4},"end":{"line":53,"column":null}},"type":"if","locations":[{"start":{"line":49,"column":4},"end":{"line":53,"column":null}},{"start":{},"end":{}}],"line":49},"6":{"loc":{"start":{"line":60,"column":4},"end":{"line":63,"column":null}},"type":"if","locations":[{"start":{"line":60,"column":4},"end":{"line":63,"column":null}},{"start":{"line":62,"column":11},"end":{"line":63,"column":null}}],"line":60},"7":{"loc":{"start":{"line":110,"column":4},"end":{"line":110,"column":null}},"type":"if","locations":[{"start":{"line":110,"column":4},"end":{"line":110,"column":null}},{"start":{},"end":{}}],"line":110}},"s":{"0":1,"1":1,"2":8,"3":8,"4":8,"5":8,"6":4,"7":8,"8":1,"9":8,"10":4,"11":8,"12":4,"13":4,"14":3,"15":3,"16":2,"17":2,"18":2,"19":0,"20":0,"21":0,"22":0,"23":0,"24":3,"25":3,"26":3,"27":3,"28":0,"29":0,"30":0,"31":0,"32":0,"33":0,"34":0,"35":0,"36":2,"37":0,"38":2,"39":0,"40":0,"41":0,"42":0,"43":0,"44":0,"45":0,"46":0,"47":0,"48":0,"49":0,"50":8},"f":{"0":8,"1":4,"2":1,"3":4,"4":4,"5":3,"6":2,"7":0,"8":3,"9":0,"10":0,"11":0,"12":0,"13":2,"14":0,"15":0,"16":0,"17":0,"18":0},"b":{"0":[4,2],"1":[1,1],"2":[4,3,2],"3":[4,1,0],"4":[3,2],"5":[2,1],"6":[0,0],"7":[0,2]},"meta":{"lastBranch":8,"lastFunction":19,"lastStatement":51,"seen":{"s:28:18:28:Infinity":0,"s:30:13:168:Infinity":1,"f:30:40:30:54":0,"s:31:8:31:40":2,"s:32:8:32:41":3,"s:33:8:33:31":4,"s:35:8:35:66":5,"f:35:21:35:36":1,"s:35:36:35:66":6,"b:35:36:35:53:35:53:35:66":0,"s:36:8:36:72":7,"f:36:24:36:39":2,"s:36:39:36:72":8,"b:36:39:36:68:36:68:36:72":1,"s:37:8:37:93":9,"f:37:22:37:37":3,"s:37:37:37:93":10,"b:37:37:37:64:37:64:37:88:37:88:37:93":2,"s:38:8:45:Infinity":11,"f:38:20:38:35":4,"s:39:40:43:Infinity":12,"s:44:4:44:Infinity":13,"b:44:11:44:42:44:42:44:62:44:62:44:Infinity":3,"f:47:11:47:22":5,"s:48:23:48:91":14,"b:48:23:48:56:48:60:48:91":4,"b:49:4:53:Infinity:undefined:undefined:undefined:undefined":5,"s:49:4:53:Infinity":15,"s:50:6:50:Infinity":16,"s:51:6:53:Infinity":17,"f:51:25:51:37":6,"s:52:8:52:Infinity":18,"f:57:11:57:20":7,"s:58:4:58:Infinity":19,"s:59:4:59:Infinity":20,"b:60:4:63:Infinity:62:11:63:Infinity":6,"s:60:4:63:Infinity":21,"s:61:6:61:Infinity":22,"s:63:6:63:Infinity":23,"f:67:11:67:23":8,"s:68:4:68:Infinity":24,"s:69:4:69:Infinity":25,"s:70:4:70:Infinity":26,"s:71:4:71:Infinity":27,"f:74:17:74:23":9,"s:75:17:84:6":28,"s:85:4:85:Infinity":29,"s:86:4:86:Infinity":30,"s:87:4:87:Infinity":31,"f:90:17:90:26":10,"s:91:19:97:6":32,"s:98:4:98:Infinity":33,"f:101:17:101:29":11,"s:102:4:102:Infinity":34,"f:105:17:105:36":12,"s:106:4:106:Infinity":35,"f:109:17:109:36":13,"b:110:4:110:Infinity:undefined:undefined:undefined:undefined":7,"s:110:4:110:Infinity":36,"s:110:22:110:Infinity":37,"s:111:17:111:60":38,"s:112:4:112:Infinity":39,"s:113:4:113:Infinity":40,"f:116:17:116:26":14,"s:117:4:119:Infinity":41,"s:118:6:118:Infinity":42,"s:122:4:122:Infinity":43,"f:125:17:125:31":15,"s:126:17:126:100":44,"s:127:4:127:Infinity":45,"f:130:17:130:28":16,"s:131:17:131:94":46,"s:132:4:132:Infinity":47,"f:135:17:135:34":17,"s:136:4:136:Infinity":48,"f:139:17:139:31":18,"s:140:4:144:Infinity":49,"s:147:2:167:Infinity":50}}}
,"/Users/lixiaoyi/GitRepository/security-analyze-project/frontend/src/stores/modules/collection.ts": {"path":"/Users/lixiaoyi/GitRepository/security-analyze-project/frontend/src/stores/modules/collection.ts","statementMap":{"0":{"start":{"line":7,"column":13},"end":{"line":49,"column":null}},"1":{"start":{"line":9,"column":8},"end":{"line":9,"column":41}},"2":{"start":{"line":10,"column":8},"end":{"line":10,"column":26}},"3":{"start":{"line":11,"column":8},"end":{"line":11,"column":54}},"4":{"start":{"line":12,"column":8},"end":{"line":12,"column":28}},"5":{"start":{"line":15,"column":21},"end":{"line":22,"column":null}},"6":{"start":{"line":16,"column":4},"end":{"line":16,"column":null}},"7":{"start":{"line":17,"column":4},"end":{"line":22,"column":null}},"8":{"start":{"line":18,"column":21},"end":{"line":18,"column":74}},"9":{"start":{"line":19,"column":6},"end":{"line":19,"column":null}},"10":{"start":{"line":20,"column":6},"end":{"line":20,"column":null}},"11":{"start":{"line":22,"column":6},"end":{"line":22,"column":null}},"12":{"start":{"line":26,"column":26},"end":{"line":32,"column":null}},"13":{"start":{"line":27,"column":4},"end":{"line":27,"column":null}},"14":{"start":{"line":28,"column":4},"end":{"line":32,"column":null}},"15":{"start":{"line":29,"column":19},"end":{"line":29,"column":54}},"16":{"start":{"line":30,"column":6},"end":{"line":30,"column":null}},"17":{"start":{"line":32,"column":6},"end":{"line":32,"column":null}},"18":{"start":{"line":36,"column":21},"end":{"line":37,"column":null}},"19":{"start":{"line":37,"column":4},"end":{"line":37,"column":null}},"20":{"start":{"line":40,"column":2},"end":{"line":48,"column":null}}},"fnMap":{"0":{"name":"(anonymous_0)","decl":{"start":{"line":7,"column":46},"end":{"line":7,"column":66}},"loc":{"start":{"line":7,"column":66},"end":{"line":49,"column":null}},"line":7},"1":{"name":"(anonymous_1)","decl":{"start":{"line":15,"column":21},"end":{"line":15,"column":28}},"loc":{"start":{"line":15,"column":85},"end":{"line":22,"column":null}},"line":15},"2":{"name":"(anonymous_2)","decl":{"start":{"line":26,"column":26},"end":{"line":26,"column":33}},"loc":{"start":{"line":26,"column":48},"end":{"line":32,"column":null}},"line":26},"3":{"name":"(anonymous_3)","decl":{"start":{"line":36,"column":21},"end":{"line":36,"column":28}},"loc":{"start":{"line":36,"column":108},"end":{"line":37,"column":null}},"line":36}},"branchMap":{},"s":{"0":1,"1":4,"2":4,"3":4,"4":4,"5":4,"6":1,"7":1,"8":1,"9":1,"10":1,"11":1,"12":4,"13":1,"14":1,"15":1,"16":1,"17":1,"18":4,"19":1,"20":4},"f":{"0":4,"1":1,"2":1,"3":1},"b":{},"meta":{"lastBranch":0,"lastFunction":4,"lastStatement":21,"seen":{"s:7:13:49:Infinity":0,"f:7:46:7:66":0,"s:9:8:9:41":1,"s:10:8:10:26":2,"s:11:8:11:54":3,"s:12:8:12:28":4,"s:15:21:22:Infinity":5,"f:15:21:15:28":1,"s:16:4:16:Infinity":6,"s:17:4:22:Infinity":7,"s:18:21:18:74":8,"s:19:6:19:Infinity":9,"s:20:6:20:Infinity":10,"s:22:6:22:Infinity":11,"s:26:26:32:Infinity":12,"f:26:26:26:33":2,"s:27:4:27:Infinity":13,"s:28:4:32:Infinity":14,"s:29:19:29:54":15,"s:30:6:30:Infinity":16,"s:32:6:32:Infinity":17,"s:36:21:37:Infinity":18,"f:36:21:36:28":3,"s:37:4:37:Infinity":19,"s:40:2:48:Infinity":20}}}
,"/Users/lixiaoyi/GitRepository/security-analyze-project/frontend/src/stores/modules/company.ts": {"path":"/Users/lixiaoyi/GitRepository/security-analyze-project/frontend/src/stores/modules/company.ts","statementMap":{"0":{"start":{"line":7,"column":13},"end":{"line":48,"column":null}},"1":{"start":{"line":9,"column":8},"end":{"line":9,"column":38}},"2":{"start":{"line":10,"column":8},"end":{"line":10,"column":29}},"3":{"start":{"line":11,"column":8},"end":{"line":11,"column":56}},"4":{"start":{"line":12,"column":8},"end":{"line":12,"column":28}},"5":{"start":{"line":15,"column":8},"end":{"line":15,"column":61}},"6":{"start":{"line":15,"column":38},"end":{"line":15,"column":61}},"7":{"start":{"line":18,"column":25},"end":{"line":25,"column":null}},"8":{"start":{"line":19,"column":4},"end":{"line":19,"column":null}},"9":{"start":{"line":20,"column":4},"end":{"line":25,"column":null}},"10":{"start":{"line":21,"column":21},"end":{"line":21,"column":94}},"11":{"start":{"line":22,"column":6},"end":{"line":22,"column":null}},"12":{"start":{"line":23,"column":6},"end":{"line":23,"column":null}},"13":{"start":{"line":25,"column":6},"end":{"line":25,"column":null}},"14":{"start":{"line":29,"column":29},"end":{"line":35,"column":null}},"15":{"start":{"line":30,"column":4},"end":{"line":30,"column":null}},"16":{"start":{"line":31,"column":4},"end":{"line":35,"column":null}},"17":{"start":{"line":32,"column":19},"end":{"line":32,"column":57}},"18":{"start":{"line":33,"column":6},"end":{"line":33,"column":null}},"19":{"start":{"line":35,"column":6},"end":{"line":35,"column":null}},"20":{"start":{"line":39,"column":2},"end":{"line":47,"column":null}}},"fnMap":{"0":{"name":"(anonymous_0)","decl":{"start":{"line":7,"column":43},"end":{"line":7,"column":60}},"loc":{"start":{"line":7,"column":60},"end":{"line":48,"column":null}},"line":7},"1":{"name":"(anonymous_1)","decl":{"start":{"line":15,"column":23},"end":{"line":15,"column":38}},"loc":{"start":{"line":15,"column":38},"end":{"line":15,"column":61}},"line":15},"2":{"name":"(anonymous_2)","decl":{"start":{"line":18,"column":25},"end":{"line":18,"column":32}},"loc":{"start":{"line":18,"column":134},"end":{"line":25,"column":null}},"line":18},"3":{"name":"(anonymous_3)","decl":{"start":{"line":29,"column":29},"end":{"line":29,"column":36}},"loc":{"start":{"line":29,"column":56},"end":{"line":35,"column":null}},"line":29}},"branchMap":{},"s":{"0":1,"1":3,"2":3,"3":3,"4":3,"5":3,"6":1,"7":3,"8":1,"9":1,"10":1,"11":1,"12":1,"13":1,"14":3,"15":1,"16":1,"17":1,"18":1,"19":1,"20":3},"f":{"0":3,"1":1,"2":1,"3":1},"b":{},"meta":{"lastBranch":0,"lastFunction":4,"lastStatement":21,"seen":{"s:7:13:48:Infinity":0,"f:7:43:7:60":0,"s:9:8:9:38":1,"s:10:8:10:29":2,"s:11:8:11:56":3,"s:12:8:12:28":4,"s:15:8:15:61":5,"f:15:23:15:38":1,"s:15:38:15:61":6,"s:18:25:25:Infinity":7,"f:18:25:18:32":2,"s:19:4:19:Infinity":8,"s:20:4:25:Infinity":9,"s:21:21:21:94":10,"s:22:6:22:Infinity":11,"s:23:6:23:Infinity":12,"s:25:6:25:Infinity":13,"s:29:29:35:Infinity":14,"f:29:29:29:36":3,"s:30:4:30:Infinity":15,"s:31:4:35:Infinity":16,"s:32:19:32:57":17,"s:33:6:33:Infinity":18,"s:35:6:35:Infinity":19,"s:39:2:47:Infinity":20}}}
,"/Users/lixiaoyi/GitRepository/security-analyze-project/frontend/src/stores/modules/stock.ts": {"path":"/Users/lixiaoyi/GitRepository/security-analyze-project/frontend/src/stores/modules/stock.ts","statementMap":{"0":{"start":{"line":10,"column":13},"end":{"line":62,"column":null}},"1":{"start":{"line":12,"column":8},"end":{"line":12,"column":33}},"2":{"start":{"line":13,"column":8},"end":{"line":13,"column":27}},"3":{"start":{"line":14,"column":8},"end":{"line":14,"column":52}},"4":{"start":{"line":15,"column":8},"end":{"line":15,"column":28}},"5":{"start":{"line":18,"column":8},"end":{"line":18,"column":56}},"6":{"start":{"line":18,"column":36},"end":{"line":18,"column":56}},"7":{"start":{"line":21,"column":25},"end":{"line":34,"column":null}},"8":{"start":{"line":28,"column":4},"end":{"line":28,"column":null}},"9":{"start":{"line":29,"column":4},"end":{"line":34,"column":null}},"10":{"start":{"line":30,"column":21},"end":{"line":30,"column":80}},"11":{"start":{"line":31,"column":6},"end":{"line":31,"column":null}},"12":{"start":{"line":32,"column":6},"end":{"line":32,"column":null}},"13":{"start":{"line":34,"column":6},"end":{"line":34,"column":null}},"14":{"start":{"line":38,"column":27},"end":{"line":44,"column":null}},"15":{"start":{"line":39,"column":4},"end":{"line":39,"column":null}},"16":{"start":{"line":40,"column":4},"end":{"line":44,"column":null}},"17":{"start":{"line":41,"column":19},"end":{"line":41,"column":59}},"18":{"start":{"line":42,"column":6},"end":{"line":42,"column":null}},"19":{"start":{"line":44,"column":6},"end":{"line":44,"column":null}},"20":{"start":{"line":48,"column":8},"end":{"line":49,"column":null}},"21":{"start":{"line":49,"column":4},"end":{"line":49,"column":null}},"22":{"start":{"line":49,"column":34},"end":{"line":49,"column":60}},"23":{"start":{"line":52,"column":2},"end":{"line":61,"column":null}}},"fnMap":{"0":{"name":"(anonymous_0)","decl":{"start":{"line":10,"column":41},"end":{"line":10,"column":56}},"loc":{"start":{"line":10,"column":56},"end":{"line":62,"column":null}},"line":10},"1":{"name":"(anonymous_1)","decl":{"start":{"line":18,"column":21},"end":{"line":18,"column":36}},"loc":{"start":{"line":18,"column":36},"end":{"line":18,"column":56}},"line":18},"2":{"name":"(anonymous_2)","decl":{"start":{"line":21,"column":25},"end":{"line":21,"column":null}},"loc":{"start":{"line":27,"column":7},"end":{"line":34,"column":null}},"line":27},"3":{"name":"(anonymous_3)","decl":{"start":{"line":38,"column":27},"end":{"line":38,"column":34}},"loc":{"start":{"line":38,"column":56},"end":{"line":44,"column":null}},"line":38},"4":{"name":"(anonymous_4)","decl":{"start":{"line":48,"column":8},"end":{"line":48,"column":26}},"loc":{"start":{"line":48,"column":48},"end":{"line":49,"column":null}},"line":48},"5":{"name":"(anonymous_5)","decl":{"start":{"line":49,"column":24},"end":{"line":49,"column":29}},"loc":{"start":{"line":49,"column":34},"end":{"line":49,"column":60}},"line":49}},"branchMap":{},"s":{"0":1,"1":5,"2":5,"3":5,"4":5,"5":5,"6":1,"7":5,"8":2,"9":2,"10":2,"11":2,"12":2,"13":2,"14":5,"15":1,"16":1,"17":1,"18":1,"19":1,"20":5,"21":2,"22":3,"23":5},"f":{"0":5,"1":1,"2":2,"3":1,"4":2,"5":3},"b":{},"meta":{"lastBranch":0,"lastFunction":6,"lastStatement":24,"seen":{"s:10:13:62:Infinity":0,"f:10:41:10:56":0,"s:12:8:12:33":1,"s:13:8:13:27":2,"s:14:8:14:52":3,"s:15:8:15:28":4,"s:18:8:18:56":5,"f:18:21:18:36":1,"s:18:36:18:56":6,"s:21:25:34:Infinity":7,"f:21:25:21:Infinity":2,"s:28:4:28:Infinity":8,"s:29:4:34:Infinity":9,"s:30:21:30:80":10,"s:31:6:31:Infinity":11,"s:32:6:32:Infinity":12,"s:34:6:34:Infinity":13,"s:38:27:44:Infinity":14,"f:38:27:38:34":3,"s:39:4:39:Infinity":15,"s:40:4:44:Infinity":16,"s:41:19:41:59":17,"s:42:6:42:Infinity":18,"s:44:6:44:Infinity":19,"s:48:8:49:Infinity":20,"f:48:8:48:26":4,"s:49:4:49:Infinity":21,"f:49:24:49:29":5,"s:49:34:49:60":22,"s:52:2:61:Infinity":23}}}
,"/Users/lixiaoyi/GitRepository/security-analyze-project/frontend/src/utils/request.ts": {"path":"/Users/lixiaoyi/GitRepository/security-analyze-project/frontend/src/utils/request.ts","statementMap":{"0":{"start":{"line":8,"column":17},"end":{"line":8,"column":null}},"1":{"start":{"line":10,"column":18},"end":{"line":10,"column":null}},"2":{"start":{"line":13,"column":18},"end":{"line":13,"column":null}},"3":{"start":{"line":15,"column":42},"end":{"line":18,"column":null}},"4":{"start":{"line":20,"column":16},"end":{"line":20,"column":83}},"5":{"start":{"line":21,"column":2},"end":{"line":22,"column":null}},"6":{"start":{"line":22,"column":4},"end":{"line":22,"column":null}},"7":{"start":{"line":25,"column":19},"end":{"line":28,"column":null}},"8":{"start":{"line":30,"column":2},"end":{"line":34,"column":null}},"9":{"start":{"line":31,"column":4},"end":{"line":31,"column":null}},"10":{"start":{"line":32,"column":4},"end":{"line":32,"column":null}},"11":{"start":{"line":33,"column":4},"end":{"line":33,"column":null}},"12":{"start":{"line":34,"column":4},"end":{"line":34,"column":null}},"13":{"start":{"line":37,"column":2},"end":{"line":40,"column":null}},"14":{"start":{"line":38,"column":53},"end":{"line":38,"column":91}},"15":{"start":{"line":38,"column":87},"end":{"line":38,"column":91}},"16":{"start":{"line":39,"column":25},"end":{"line":39,"column":null}},"17":{"start":{"line":40,"column":4},"end":{"line":40,"column":null}},"18":{"start":{"line":43,"column":33},"end":{"line":43,"column":53}},"19":{"start":{"line":45,"column":2},"end":{"line":46,"column":null}},"20":{"start":{"line":46,"column":4},"end":{"line":46,"column":null}},"21":{"start":{"line":49,"column":2},"end":{"line":49,"column":null}},"22":{"start":{"line":52,"column":20},"end":{"line":74,"column":null}},"23":{"start":{"line":54,"column":18},"end":{"line":54,"column":null}},"24":{"start":{"line":55,"column":4},"end":{"line":64,"column":null}},"25":{"start":{"line":56,"column":27},"end":{"line":56,"column":47}},"26":{"start":{"line":57,"column":6},"end":{"line":59,"column":null}},"27":{"start":{"line":58,"column":8},"end":{"line":59,"column":null}},"28":{"start":{"line":59,"column":10},"end":{"line":59,"column":null}},"29":{"start":{"line":62,"column":26},"end":{"line":62,"column":48}},"30":{"start":{"line":63,"column":6},"end":{"line":64,"column":null}},"31":{"start":{"line":64,"column":8},"end":{"line":64,"column":null}},"32":{"start":{"line":67,"column":4},"end":{"line":67,"column":null}},"33":{"start":{"line":70,"column":4},"end":{"line":70,"column":67}},"34":{"start":{"line":72,"column":4},"end":{"line":72,"column":66}},"35":{"start":{"line":73,"column":30},"end":{"line":73,"column":null}}},"fnMap":{"0":{"name":"request","decl":{"start":{"line":12,"column":15},"end":{"line":12,"column":26}},"loc":{"start":{"line":12,"column":74},"end":{"line":49,"column":null}},"line":12},"1":{"name":"(anonymous_1)","decl":{"start":{"line":38,"column":75},"end":{"line":38,"column":87}},"loc":{"start":{"line":38,"column":87},"end":{"line":38,"column":91}},"line":38},"2":{"name":"(anonymous_2)","decl":{"start":{"line":53,"column":2},"end":{"line":53,"column":11}},"loc":{"start":{"line":53,"column":79},"end":{"line":67,"column":null}},"line":53},"3":{"name":"(anonymous_3)","decl":{"start":{"line":69,"column":2},"end":{"line":69,"column":12}},"loc":{"start":{"line":70,"column":4},"end":{"line":70,"column":67}},"line":70},"4":{"name":"(anonymous_4)","decl":{"start":{"line":71,"column":2},"end":{"line":71,"column":11}},"loc":{"start":{"line":72,"column":4},"end":{"line":72,"column":66}},"line":72},"5":{"name":"(anonymous_5)","decl":{"start":{"line":73,"column":2},"end":{"line":73,"column":14}},"loc":{"start":{"line":73,"column":30},"end":{"line":73,"column":null}},"line":73}},"branchMap":{"0":{"loc":{"start":{"line":8,"column":17},"end":{"line":8,"column":null}},"type":"binary-expr","locations":[{"start":{"line":8,"column":17},"end":{"line":8,"column":54}},{"start":{"line":8,"column":54},"end":{"line":8,"column":null}}],"line":8},"1":{"loc":{"start":{"line":13,"column":18},"end":{"line":13,"column":null}},"type":"cond-expr","locations":[{"start":{"line":13,"column":43},"end":{"line":13,"column":49}},{"start":{"line":13,"column":49},"end":{"line":13,"column":null}}],"line":13},"2":{"loc":{"start":{"line":17,"column":9},"end":{"line":17,"column":null}},"type":"binary-expr","locations":[{"start":{"line":17,"column":9},"end":{"line":17,"column":56}},{"start":{"line":17,"column":56},"end":{"line":17,"column":null}}],"line":17},"3":{"loc":{"start":{"line":20,"column":16},"end":{"line":20,"column":83}},"type":"binary-expr","locations":[{"start":{"line":20,"column":16},"end":{"line":20,"column":49}},{"start":{"line":20,"column":53},"end":{"line":20,"column":83}}],"line":20},"4":{"loc":{"start":{"line":21,"column":2},"end":{"line":22,"column":null}},"type":"if","locations":[{"start":{"line":21,"column":2},"end":{"line":22,"column":null}},{"start":{},"end":{}}],"line":21},"5":{"loc":{"start":{"line":30,"column":2},"end":{"line":34,"column":null}},"type":"if","locations":[{"start":{"line":30,"column":2},"end":{"line":34,"column":null}},{"start":{},"end":{}}],"line":30},"6":{"loc":{"start":{"line":37,"column":2},"end":{"line":40,"column":null}},"type":"if","locations":[{"start":{"line":37,"column":2},"end":{"line":40,"column":null}},{"start":{},"end":{}}],"line":37},"7":{"loc":{"start":{"line":39,"column":25},"end":{"line":39,"column":null}},"type":"binary-expr","locations":[{"start":{"line":39,"column":25},"end":{"line":39,"column":49}},{"start":{"line":39,"column":49},"end":{"line":39,"column":null}}],"line":39},"8":{"loc":{"start":{"line":45,"column":2},"end":{"line":46,"column":null}},"type":"if","locations":[{"start":{"line":45,"column":2},"end":{"line":46,"column":null}},{"start":{},"end":{}}],"line":45},"9":{"loc":{"start":{"line":45,"column":6},"end":{"line":45,"column":44}},"type":"binary-expr","locations":[{"start":{"line":45,"column":6},"end":{"line":45,"column":25}},{"start":{"line":45,"column":25},"end":{"line":45,"column":44}}],"line":45},"10":{"loc":{"start":{"line":46,"column":20},"end":{"line":46,"column":44}},"type":"binary-expr","locations":[{"start":{"line":46,"column":20},"end":{"line":46,"column":38}},{"start":{"line":46,"column":38},"end":{"line":46,"column":44}}],"line":46},"11":{"loc":{"start":{"line":55,"column":4},"end":{"line":64,"column":null}},"type":"if","locations":[{"start":{"line":55,"column":4},"end":{"line":64,"column":null}},{"start":{},"end":{}}],"line":55},"12":{"loc":{"start":{"line":58,"column":8},"end":{"line":59,"column":null}},"type":"if","locations":[{"start":{"line":58,"column":8},"end":{"line":59,"column":null}},{"start":{},"end":{}}],"line":58},"13":{"loc":{"start":{"line":58,"column":12},"end":{"line":58,"column":51}},"type":"binary-expr","locations":[{"start":{"line":58,"column":12},"end":{"line":58,"column":35}},{"start":{"line":58,"column":35},"end":{"line":58,"column":51}}],"line":58},"14":{"loc":{"start":{"line":63,"column":6},"end":{"line":64,"column":null}},"type":"if","locations":[{"start":{"line":63,"column":6},"end":{"line":64,"column":null}},{"start":{},"end":{}}],"line":63},"15":{"loc":{"start":{"line":64,"column":27},"end":{"line":64,"column":59}},"type":"cond-expr","locations":[{"start":{"line":64,"column":47},"end":{"line":64,"column":53}},{"start":{"line":64,"column":53},"end":{"line":64,"column":59}}],"line":64}},"s":{"0":3,"1":3,"2":19,"3":19,"4":19,"5":19,"6":4,"7":15,"8":13,"9":1,"10":1,"11":1,"12":1,"13":12,"14":2,"15":0,"16":2,"17":2,"18":10,"19":10,"20":1,"21":9,"22":3,"23":16,"24":16,"25":2,"26":2,"27":4,"28":3,"29":2,"30":2,"31":2,"32":16,"33":1,"34":1,"35":1},"f":{"0":19,"1":0,"2":16,"3":1,"4":1,"5":1},"b":{"0":[3,3],"1":[0,19],"2":[19,19],"3":[19,17],"4":[4,15],"5":[1,12],"6":[2,10],"7":[2,1],"8":[1,9],"9":[10,1],"10":[1,0],"11":[2,14],"12":[3,1],"13":[4,3],"14":[2,0],"15":[1,1]},"meta":{"lastBranch":16,"lastFunction":6,"lastStatement":36,"seen":{"s:8:17:8:Infinity":0,"b:8:17:8:54:8:54:8:Infinity":0,"s:10:18:10:Infinity":1,"f:12:15:12:26":0,"s:13:18:13:Infinity":2,"b:13:43:13:49:13:49:13:Infinity":1,"s:15:42:18:Infinity":3,"b:17:9:17:56:17:56:17:Infinity":2,"s:20:16:20:83":4,"b:20:16:20:49:20:53:20:83":3,"b:21:2:22:Infinity:undefined:undefined:undefined:undefined":4,"s:21:2:22:Infinity":5,"s:22:4:22:Infinity":6,"s:25:19:28:Infinity":7,"b:30:2:34:Infinity:undefined:undefined:undefined:undefined":5,"s:30:2:34:Infinity":8,"s:31:4:31:Infinity":9,"s:32:4:32:Infinity":10,"s:33:4:33:Infinity":11,"s:34:4:34:Infinity":12,"b:37:2:40:Infinity:undefined:undefined:undefined:undefined":6,"s:37:2:40:Infinity":13,"s:38:53:38:91":14,"f:38:75:38:87":1,"s:38:87:38:91":15,"s:39:25:39:Infinity":16,"b:39:25:39:49:39:49:39:Infinity":7,"s:40:4:40:Infinity":17,"s:43:33:43:53":18,"b:45:2:46:Infinity:undefined:undefined:undefined:undefined":8,"s:45:2:46:Infinity":19,"b:45:6:45:25:45:25:45:44":9,"s:46:4:46:Infinity":20,"b:46:20:46:38:46:38:46:44":10,"s:49:2:49:Infinity":21,"s:52:20:74:Infinity":22,"f:53:2:53:11":2,"s:54:18:54:Infinity":23,"b:55:4:64:Infinity:undefined:undefined:undefined:undefined":11,"s:55:4:64:Infinity":24,"s:56:27:56:47":25,"s:57:6:59:Infinity":26,"b:58:8:59:Infinity:undefined:undefined:undefined:undefined":12,"s:58:8:59:Infinity":27,"b:58:12:58:35:58:35:58:51":13,"s:59:10:59:Infinity":28,"s:62:26:62:48":29,"b:63:6:64:Infinity:undefined:undefined:undefined:undefined":14,"s:63:6:64:Infinity":30,"s:64:8:64:Infinity":31,"b:64:47:64:53:64:53:64:59":15,"s:67:4:67:Infinity":32,"f:69:2:69:12":3,"s:70:4:70:67":33,"f:71:2:71:11":4,"s:72:4:72:66":34,"f:73:2:73:14":5,"s:73:30:73:Infinity":35}}}
,"/Users/lixiaoyi/GitRepository/security-analyze-project/frontend/src/views/HomeView.vue": {"path":"/Users/lixiaoyi/GitRepository/security-analyze-project/frontend/src/views/HomeView.vue","statementMap":{"0":{"start":{"line":7,"column":6},"end":{"line":7,"column":25}},"1":{"start":{"line":9,"column":6},"end":{"line":14,"column":null}},"2":{"start":{"line":16,"column":18},"end":{"line":23,"column":null}},"3":{"start":{"line":25,"column":6},"end":{"line":30,"column":null}},"4":{"start":{"line":25,"column":33},"end":{"line":30,"column":null}},"5":{"start":{"line":32,"column":0},"end":{"line":43,"column":null}},"6":{"start":{"line":33,"column":2},"end":{"line":40,"column":null}},"7":{"start":{"line":34,"column":35},"end":{"line":37,"column":null}},"8":{"start":{"line":38,"column":4},"end":{"line":38,"column":null}},"9":{"start":{"line":39,"column":4},"end":{"line":39,"column":null}},"10":{"start":{"line":46,"column":2},"end":{"line":46,"column":null}},"11":{"start":{"line":46,"column":12},"end":{"line":46,"column":null}},"12":{"start":{"line":51,"column":7},"end":{"line":51,"column":19}},"13":{"start":{"line":59,"column":9},"end":{"line":59,"column":25}},"14":{"start":{"line":62,"column":13},"end":{"line":62,"column":27}},"15":{"start":{"line":63,"column":13},"end":{"line":63,"column":27}},"16":{"start":{"line":68,"column":9},"end":{"line":68,"column":26}},"17":{"start":{"line":77,"column":13},"end":{"line":77,"column":27}},"18":{"start":{"line":78,"column":13},"end":{"line":78,"column":27}},"19":{"start":{"line":51,"column":2},"end":{"line":79,"column":75}},"20":{"start":{"line":60,"column":6},"end":{"line":63,"column":47}},"21":{"start":{"line":69,"column":6},"end":{"line":79,"column":75}},"22":{"start":{"line":74,"column":16},"end":{"line":74,"column":null}}},"fnMap":{"0":{"name":"(anonymous_0)","decl":{"start":{"line":25,"column":18},"end":{"line":25,"column":33}},"loc":{"start":{"line":25,"column":33},"end":{"line":30,"column":null}},"line":25},"1":{"name":"(anonymous_1)","decl":{"start":{"line":32,"column":10},"end":{"line":32,"column":22}},"loc":{"start":{"line":32,"column":22},"end":{"line":43,"column":null}},"line":32},"2":{"name":"go","decl":{"start":{"line":45,"column":9},"end":{"line":45,"column":12}},"loc":{"start":{"line":45,"column":26},"end":{"line":46,"column":null}},"line":45},"3":{"name":"(anonymous_3)","decl":{"start":{"line":60,"column":28},"end":{"line":60,"column":40}},"loc":{"start":{"line":60,"column":23},"end":{"line":63,"column":47}},"line":60},"4":{"name":"(anonymous_4)","decl":{"start":{"line":70,"column":23},"end":{"line":70,"column":null}},"loc":{"start":{"line":70,"column":19},"end":{"line":79,"column":75}},"line":70},"5":{"name":"(anonymous_5)","decl":{"start":{"line":74,"column":9},"end":{"line":74,"column":14}},"loc":{"start":{"line":74,"column":16},"end":{"line":74,"column":null}},"line":74}},"branchMap":{"0":{"loc":{"start":{"line":38,"column":29},"end":{"line":38,"column":null}},"type":"binary-expr","locations":[{"start":{"line":38,"column":29},"end":{"line":38,"column":47}},{"start":{"line":38,"column":47},"end":{"line":38,"column":null}}],"line":38},"1":{"loc":{"start":{"line":39,"column":31},"end":{"line":39,"column":null}},"type":"binary-expr","locations":[{"start":{"line":39,"column":31},"end":{"line":39,"column":51}},{"start":{"line":39,"column":51},"end":{"line":39,"column":null}}],"line":39},"2":{"loc":{"start":{"line":46,"column":2},"end":{"line":46,"column":null}},"type":"if","locations":[{"start":{"line":46,"column":2},"end":{"line":46,"column":null}},{"start":{},"end":{}}],"line":46},"3":{"loc":{"start":{"line":53,"column":4},"end":{"line":55,"column":55}},"type":"binary-expr","locations":[{"start":{"line":53,"column":4},"end":{"line":53,"column":9}},{"start":{"line":53,"column":4},"end":{"line":55,"column":55}}],"line":53}},"s":{"0":2,"1":2,"2":2,"3":2,"4":2,"5":2,"6":2,"7":2,"8":0,"9":2,"10":0,"11":0,"12":1,"13":1,"14":1,"15":1,"16":1,"17":1,"18":1,"19":2,"20":8,"21":12,"22":0},"f":{"0":2,"1":2,"2":0,"3":8,"4":12,"5":0},"b":{"0":[0,0],"1":[2,0],"2":[0,0],"3":[2,2]},"meta":{"lastBranch":0,"lastFunction":0,"lastStatement":0,"seen":{}}}
,"/Users/lixiaoyi/GitRepository/security-analyze-project/frontend/src/views/company/CompanyListView.vue": {"path":"/Users/lixiaoyi/GitRepository/security-analyze-project/frontend/src/views/company/CompanyListView.vue","statementMap":{"0":{"start":{"line":7,"column":6},"end":{"line":7,"column":25}},"1":{"start":{"line":9,"column":6},"end":{"line":9,"column":18}},"2":{"start":{"line":10,"column":6},"end":{"line":10,"column":19}},"3":{"start":{"line":11,"column":6},"end":{"line":11,"column":22}},"4":{"start":{"line":12,"column":6},"end":{"line":12,"column":23}},"5":{"start":{"line":13,"column":6},"end":{"line":13,"column":23}},"6":{"start":{"line":14,"column":6},"end":{"line":14,"column":29}},"7":{"start":{"line":16,"column":6},"end":{"line":16,"column":null}},"8":{"start":{"line":17,"column":6},"end":{"line":17,"column":19}},"9":{"start":{"line":18,"column":6},"end":{"line":18,"column":25}},"10":{"start":{"line":20,"column":24},"end":{"line":25,"column":null}},"11":{"start":{"line":28,"column":2},"end":{"line":28,"column":null}},"12":{"start":{"line":29,"column":2},"end":{"line":40,"column":null}},"13":{"start":{"line":30,"column":19},"end":{"line":35,"column":null}},"14":{"start":{"line":37,"column":4},"end":{"line":37,"column":null}},"15":{"start":{"line":38,"column":4},"end":{"line":38,"column":null}},"16":{"start":{"line":40,"column":4},"end":{"line":40,"column":null}},"17":{"start":{"line":45,"column":2},"end":{"line":45,"column":null}},"18":{"start":{"line":49,"column":2},"end":{"line":51,"column":null}},"19":{"start":{"line":50,"column":4},"end":{"line":50,"column":null}},"20":{"start":{"line":51,"column":4},"end":{"line":51,"column":null}},"21":{"start":{"line":56,"column":2},"end":{"line":58,"column":null}},"22":{"start":{"line":57,"column":4},"end":{"line":57,"column":null}},"23":{"start":{"line":58,"column":4},"end":{"line":58,"column":null}},"24":{"start":{"line":63,"column":2},"end":{"line":63,"column":null}},"25":{"start":{"line":64,"column":2},"end":{"line":64,"column":null}},"26":{"start":{"line":65,"column":2},"end":{"line":65,"column":null}},"27":{"start":{"line":66,"column":2},"end":{"line":66,"column":null}},"28":{"start":{"line":67,"column":2},"end":{"line":67,"column":null}},"29":{"start":{"line":68,"column":2},"end":{"line":68,"column":null}},"30":{"start":{"line":72,"column":2},"end":{"line":72,"column":null}},"31":{"start":{"line":72,"column":10},"end":{"line":72,"column":null}},"32":{"start":{"line":73,"column":2},"end":{"line":73,"column":null}},"33":{"start":{"line":77,"column":38},"end":{"line":77,"column":null}},"34":{"start":{"line":78,"column":2},"end":{"line":78,"column":null}},"35":{"start":{"line":81,"column":0},"end":{"line":81,"column":null}},"36":{"start":{"line":91,"column":9},"end":{"line":91,"column":20}},"37":{"start":{"line":92,"column":11},"end":{"line":92,"column":21}},"38":{"start":{"line":95,"column":11},"end":{"line":95,"column":21}},"39":{"start":{"line":99,"column":11},"end":{"line":99,"column":21}},"40":{"start":{"line":103,"column":11},"end":{"line":103,"column":21}},"41":{"start":{"line":113,"column":9},"end":{"line":113,"column":19}},"42":{"start":{"line":138,"column":16},"end":{"line":138,"column":26}},"43":{"start":{"line":85,"column":2},"end":{"line":151,"column":80}},"44":{"start":{"line":93,"column":24},"end":{"line":93,"column":33}},"45":{"start":{"line":93,"column":76},"end":{"line":93,"column":86}},"46":{"start":{"line":93,"column":86},"end":{"line":93,"column":101}},"47":{"start":{"line":97,"column":24},"end":{"line":97,"column":34}},"48":{"start":{"line":97,"column":67},"end":{"line":97,"column":77}},"49":{"start":{"line":97,"column":77},"end":{"line":97,"column":90}},"50":{"start":{"line":101,"column":24},"end":{"line":101,"column":34}},"51":{"start":{"line":101,"column":67},"end":{"line":101,"column":77}},"52":{"start":{"line":101,"column":77},"end":{"line":101,"column":90}},"53":{"start":{"line":105,"column":25},"end":{"line":105,"column":42}},"54":{"start":{"line":105,"column":50},"end":{"line":105,"column":60}},"55":{"start":{"line":105,"column":60},"end":{"line":105,"column":null}},"56":{"start":{"line":107,"column":10},"end":{"line":107,"column":101}},"57":{"start":{"line":130,"column":10},"end":{"line":139,"column":102}},"58":{"start":{"line":130,"column":69},"end":{"line":130,"column":109}},"59":{"start":{"line":139,"column":48},"end":{"line":139,"column":88}}},"fnMap":{"0":{"name":"fetchData","decl":{"start":{"line":27,"column":15},"end":{"line":27,"column":27}},"loc":{"start":{"line":27,"column":27},"end":{"line":40,"column":null}},"line":27},"1":{"name":"goDetail","decl":{"start":{"line":44,"column":9},"end":{"line":44,"column":18}},"loc":{"start":{"line":44,"column":35},"end":{"line":45,"column":null}},"line":44},"2":{"name":"prevPage","decl":{"start":{"line":48,"column":9},"end":{"line":48,"column":20}},"loc":{"start":{"line":48,"column":20},"end":{"line":51,"column":null}},"line":48},"3":{"name":"nextPage","decl":{"start":{"line":55,"column":9},"end":{"line":55,"column":20}},"loc":{"start":{"line":55,"column":20},"end":{"line":58,"column":null}},"line":55},"4":{"name":"resetFilters","decl":{"start":{"line":62,"column":9},"end":{"line":62,"column":24}},"loc":{"start":{"line":62,"column":24},"end":{"line":68,"column":null}},"line":62},"5":{"name":"fmt","decl":{"start":{"line":71,"column":9},"end":{"line":71,"column":13}},"loc":{"start":{"line":71,"column":31},"end":{"line":73,"column":null}},"line":71},"6":{"name":"ctBadgeClass","decl":{"start":{"line":76,"column":9},"end":{"line":76,"column":22}},"loc":{"start":{"line":76,"column":40},"end":{"line":78,"column":null}},"line":76},"7":{"name":"(anonymous_7)","decl":{"start":{"line":93,"column":24},"end":{"line":93,"column":31}},"loc":{"start":{"line":93,"column":24},"end":{"line":93,"column":33}},"line":93},"8":{"name":"(anonymous_8)","decl":{"start":{"line":93,"column":68},"end":{"line":93,"column":76}},"loc":{"start":{"line":93,"column":68},"end":{"line":93,"column":101}},"line":93},"9":{"name":"(anonymous_9)","decl":{"start":{"line":97,"column":24},"end":{"line":97,"column":32}},"loc":{"start":{"line":97,"column":24},"end":{"line":97,"column":34}},"line":97},"10":{"name":"(anonymous_10)","decl":{"start":{"line":97,"column":59},"end":{"line":97,"column":67}},"loc":{"start":{"line":97,"column":59},"end":{"line":97,"column":90}},"line":97},"11":{"name":"(anonymous_11)","decl":{"start":{"line":101,"column":24},"end":{"line":101,"column":32}},"loc":{"start":{"line":101,"column":24},"end":{"line":101,"column":34}},"line":101},"12":{"name":"(anonymous_12)","decl":{"start":{"line":101,"column":59},"end":{"line":101,"column":67}},"loc":{"start":{"line":101,"column":59},"end":{"line":101,"column":90}},"line":101},"13":{"name":"(anonymous_13)","decl":{"start":{"line":105,"column":25},"end":{"line":105,"column":39}},"loc":{"start":{"line":105,"column":25},"end":{"line":105,"column":42}},"line":105},"14":{"name":"(anonymous_14)","decl":{"start":{"line":105,"column":48},"end":{"line":105,"column":50}},"loc":{"start":{"line":105,"column":48},"end":{"line":105,"column":null}},"line":105},"15":{"name":"(anonymous_15)","decl":{"start":{"line":107,"column":30},"end":{"line":107,"column":48}},"loc":{"start":{"line":107,"column":26},"end":{"line":107,"column":101}},"line":107},"16":{"name":"(anonymous_16)","decl":{"start":{"line":130,"column":32},"end":{"line":130,"column":44}},"loc":{"start":{"line":130,"column":28},"end":{"line":139,"column":102}},"line":130},"17":{"name":"(anonymous_17)","decl":{"start":{"line":130,"column":62},"end":{"line":130,"column":67}},"loc":{"start":{"line":130,"column":69},"end":{"line":130,"column":109}},"line":130},"18":{"name":"(anonymous_18)","decl":{"start":{"line":139,"column":41},"end":{"line":139,"column":48}},"loc":{"start":{"line":139,"column":48},"end":{"line":139,"column":88}},"line":139}},"branchMap":{"0":{"loc":{"start":{"line":32,"column":6},"end":{"line":32,"column":null}},"type":"binary-expr","locations":[{"start":{"line":32,"column":6},"end":{"line":32,"column":24}},{"start":{"line":32,"column":24},"end":{"line":32,"column":null}}],"line":32},"1":{"loc":{"start":{"line":33,"column":6},"end":{"line":33,"column":null}},"type":"binary-expr","locations":[{"start":{"line":33,"column":6},"end":{"line":33,"column":24}},{"start":{"line":33,"column":24},"end":{"line":33,"column":null}}],"line":33},"2":{"loc":{"start":{"line":34,"column":6},"end":{"line":34,"column":null}},"type":"binary-expr","locations":[{"start":{"line":34,"column":6},"end":{"line":34,"column":23}},{"start":{"line":34,"column":23},"end":{"line":34,"column":null}}],"line":34},"3":{"loc":{"start":{"line":35,"column":6},"end":{"line":35,"column":null}},"type":"binary-expr","locations":[{"start":{"line":35,"column":6},"end":{"line":35,"column":30}},{"start":{"line":35,"column":30},"end":{"line":35,"column":null}}],"line":35},"4":{"loc":{"start":{"line":37,"column":22},"end":{"line":37,"column":38}},"type":"binary-expr","locations":[{"start":{"line":37,"column":22},"end":{"line":37,"column":37}},{"start":{"line":37,"column":37},"end":{"line":37,"column":38}}],"line":37},"5":{"loc":{"start":{"line":38,"column":18},"end":{"line":38,"column":null}},"type":"binary-expr","locations":[{"start":{"line":38,"column":18},"end":{"line":38,"column":34}},{"start":{"line":38,"column":34},"end":{"line":38,"column":null}}],"line":38},"6":{"loc":{"start":{"line":49,"column":2},"end":{"line":51,"column":null}},"type":"if","locations":[{"start":{"line":49,"column":2},"end":{"line":51,"column":null}},{"start":{},"end":{}}],"line":49},"7":{"loc":{"start":{"line":56,"column":2},"end":{"line":58,"column":null}},"type":"if","locations":[{"start":{"line":56,"column":2},"end":{"line":58,"column":null}},{"start":{},"end":{}}],"line":56},"8":{"loc":{"start":{"line":72,"column":2},"end":{"line":72,"column":null}},"type":"if","locations":[{"start":{"line":72,"column":2},"end":{"line":72,"column":null}},{"start":{},"end":{}}],"line":72},"9":{"loc":{"start":{"line":78,"column":9},"end":{"line":78,"column":null}},"type":"binary-expr","locations":[{"start":{"line":78,"column":9},"end":{"line":78,"column":27}},{"start":{"line":78,"column":27},"end":{"line":78,"column":null}}],"line":78},"10":{"loc":{"start":{"line":78,"column":13},"end":{"line":78,"column":27}},"type":"binary-expr","locations":[{"start":{"line":78,"column":13},"end":{"line":78,"column":18}},{"start":{"line":78,"column":18},"end":{"line":78,"column":27}}],"line":78},"11":{"loc":{"start":{"line":86,"column":4},"end":{"line":88,"column":45}},"type":"binary-expr","locations":[{"start":{"line":86,"column":4},"end":{"line":86,"column":9}},{"start":{"line":86,"column":4},"end":{"line":88,"column":45}}],"line":86},"12":{"loc":{"start":{"line":93,"column":24},"end":{"line":93,"column":33}},"type":"binary-expr","locations":[{"start":{"line":93,"column":24},"end":{"line":93,"column":31}},{"start":{"line":93,"column":24},"end":{"line":93,"column":33}}],"line":93},"13":{"loc":{"start":{"line":93,"column":68},"end":{"line":93,"column":101}},"type":"binary-expr","locations":[{"start":{"line":93,"column":68},"end":{"line":93,"column":76}},{"start":{"line":93,"column":68},"end":{"line":93,"column":101}}],"line":93},"14":{"loc":{"start":{"line":98,"column":12},"end":{"line":96,"column":25}},"type":"binary-expr","locations":[{"start":{"line":98,"column":12},"end":{"line":98,"column":null}},{"start":{"line":98,"column":12},"end":{"line":96,"column":25}}],"line":98},"15":{"loc":{"start":{"line":97,"column":24},"end":{"line":97,"column":34}},"type":"binary-expr","locations":[{"start":{"line":97,"column":24},"end":{"line":97,"column":32}},{"start":{"line":97,"column":24},"end":{"line":97,"column":34}}],"line":97},"16":{"loc":{"start":{"line":97,"column":59},"end":{"line":97,"column":90}},"type":"binary-expr","locations":[{"start":{"line":97,"column":59},"end":{"line":97,"column":67}},{"start":{"line":97,"column":59},"end":{"line":97,"column":90}}],"line":97},"17":{"loc":{"start":{"line":102,"column":12},"end":{"line":100,"column":25}},"type":"binary-expr","locations":[{"start":{"line":102,"column":12},"end":{"line":102,"column":null}},{"start":{"line":102,"column":12},"end":{"line":100,"column":25}}],"line":102},"18":{"loc":{"start":{"line":101,"column":24},"end":{"line":101,"column":34}},"type":"binary-expr","locations":[{"start":{"line":101,"column":24},"end":{"line":101,"column":32}},{"start":{"line":101,"column":24},"end":{"line":101,"column":34}}],"line":101},"19":{"loc":{"start":{"line":101,"column":59},"end":{"line":101,"column":90}},"type":"binary-expr","locations":[{"start":{"line":101,"column":59},"end":{"line":101,"column":67}},{"start":{"line":101,"column":59},"end":{"line":101,"column":90}}],"line":101},"20":{"loc":{"start":{"line":109,"column":12},"end":{"line":104,"column":27}},"type":"binary-expr","locations":[{"start":{"line":109,"column":12},"end":{"line":109,"column":null}},{"start":{"line":109,"column":12},"end":{"line":104,"column":27}}],"line":109},"21":{"loc":{"start":{"line":105,"column":25},"end":{"line":105,"column":42}},"type":"binary-expr","locations":[{"start":{"line":105,"column":25},"end":{"line":105,"column":39}},{"start":{"line":105,"column":25},"end":{"line":105,"column":42}}],"line":105},"22":{"loc":{"start":{"line":105,"column":48},"end":{"line":105,"column":null}},"type":"binary-expr","locations":[{"start":{"line":105,"column":48},"end":{"line":105,"column":50}},{"start":{"line":105,"column":48},"end":{"line":105,"column":null}}],"line":105},"23":{"loc":{"start":{"line":106,"column":10},"end":{"line":106,"column":38}},"type":"binary-expr","locations":[{"start":{"line":106,"column":10},"end":{"line":106,"column":18}},{"start":{"line":106,"column":10},"end":{"line":106,"column":38}}],"line":106},"24":{"loc":{"start":{"line":114,"column":17},"end":{"line":142,"column":101}},"type":"cond-expr","locations":[{"start":{"line":114,"column":17},"end":{"line":114,"column":95}},{"start":{"line":114,"column":95},"end":{"line":142,"column":101}}],"line":114},"25":{"loc":{"start":{"line":145,"column":14},"end":{"line":129,"column":null}},"type":"binary-expr","locations":[{"start":{"line":145,"column":14},"end":{"line":145,"column":null}},{"start":{"line":145,"column":14},"end":{"line":129,"column":null}}],"line":145},"26":{"loc":{"start":{"line":132,"column":19},"end":{"line":132,"column":51}},"type":"binary-expr","locations":[{"start":{"line":132,"column":19},"end":{"line":132,"column":36}},{"start":{"line":132,"column":36},"end":{"line":132,"column":51}}],"line":132},"27":{"loc":{"start":{"line":133,"column":19},"end":{"line":133,"column":50}},"type":"binary-expr","locations":[{"start":{"line":133,"column":19},"end":{"line":133,"column":35}},{"start":{"line":133,"column":35},"end":{"line":133,"column":50}}],"line":133},"28":{"loc":{"start":{"line":134,"column":19},"end":{"line":134,"column":50}},"type":"binary-expr","locations":[{"start":{"line":134,"column":19},"end":{"line":134,"column":35}},{"start":{"line":134,"column":35},"end":{"line":134,"column":50}}],"line":134},"29":{"loc":{"start":{"line":135,"column":19},"end":{"line":135,"column":46}},"type":"binary-expr","locations":[{"start":{"line":135,"column":19},"end":{"line":135,"column":31}},{"start":{"line":135,"column":31},"end":{"line":135,"column":46}}],"line":135},"30":{"loc":{"start":{"line":136,"column":82},"end":{"line":136,"column":122}},"type":"binary-expr","locations":[{"start":{"line":136,"column":82},"end":{"line":136,"column":104}},{"start":{"line":136,"column":104},"end":{"line":136,"column":122}}],"line":136},"31":{"loc":{"start":{"line":137,"column":19},"end":{"line":137,"column":61}},"type":"binary-expr","locations":[{"start":{"line":137,"column":19},"end":{"line":137,"column":46}},{"start":{"line":137,"column":46},"end":{"line":137,"column":61}}],"line":137},"32":{"loc":{"start":{"line":141,"column":21},"end":{"line":142,"column":101}},"type":"cond-expr","locations":[{"start":{"line":141,"column":31},"end":{"line":142,"column":101}},{"start":{"line":142,"column":96},"end":{"line":142,"column":101}}],"line":141},"33":{"loc":{"start":{"line":143,"column":15},"end":{"line":142,"column":101}},"type":"binary-expr","locations":[{"start":{"line":143,"column":15},"end":{"line":143,"column":null}},{"start":{"line":143,"column":15},"end":{"line":142,"column":101}}],"line":143},"34":{"loc":{"start":{"line":148,"column":34},"end":{"line":151,"column":80}},"type":"cond-expr","locations":[{"start":{"line":148,"column":44},"end":{"line":151,"column":80}}],"line":148},"35":{"loc":{"start":{"line":150,"column":34},"end":{"line":150,"column":65}},"type":"binary-expr","locations":[{"start":{"line":150,"column":34},"end":{"line":150,"column":56}},{"start":{"line":150,"column":56},"end":{"line":150,"column":65}}],"line":150}},"s":{"0":4,"1":4,"2":4,"3":4,"4":4,"5":4,"6":4,"7":4,"8":4,"9":4,"10":4,"11":4,"12":4,"13":4,"14":4,"15":4,"16":4,"17":0,"18":0,"19":0,"20":0,"21":0,"22":0,"23":0,"24":0,"25":0,"26":0,"27":0,"28":0,"29":0,"30":4,"31":3,"32":1,"33":4,"34":4,"35":4,"36":1,"37":1,"38":1,"39":1,"40":1,"41":1,"42":1,"43":12,"44":0,"45":0,"46":0,"47":0,"48":0,"49":0,"50":0,"51":0,"52":0,"53":0,"54":0,"55":0,"56":48,"57":4,"58":0,"59":0},"f":{"0":4,"1":0,"2":0,"3":0,"4":0,"5":4,"6":4,"7":0,"8":0,"9":0,"10":0,"11":0,"12":0,"13":0,"14":0,"15":48,"16":4,"17":0,"18":0},"b":{"0":[4,4],"1":[4,4],"2":[4,4],"3":[4,4],"4":[4,0],"5":[4,0],"6":[0,0],"7":[0,0],"8":[3,1],"9":[4,0],"10":[4,0],"11":[12,4],"12":[12,4],"13":[12,4],"14":[12,4],"15":[12,4],"16":[12,4],"17":[12,4],"18":[12,4],"19":[12,4],"20":[12,4],"21":[12,4],"22":[12,4],"23":[12,4],"24":[4,8],"25":[8,4],"26":[4,3],"27":[4,3],"28":[4,3],"29":[4,3],"30":[4,0],"31":[4,3],"32":[6,2],"33":[6,4],"34":[2],"35":[2,0]},"meta":{"lastBranch":36,"lastFunction":19,"lastStatement":60,"seen":{"s:7:6:7:25":0,"s:9:6:9:18":1,"s:10:6:10:19":2,"s:11:6:11:22":3,"s:12:6:12:23":4,"s:13:6:13:23":5,"s:14:6:14:29":6,"s:16:6:16:Infinity":7,"s:17:6:17:19":8,"s:18:6:18:25":9,"s:20:24:25:Infinity":10,"f:27:15:27:27":0,"s:28:2:28:Infinity":11,"s:29:2:40:Infinity":12,"s:30:19:35:Infinity":13,"b:32:6:32:24:32:24:32:Infinity":0,"b:33:6:33:24:33:24:33:Infinity":1,"b:34:6:34:23:34:23:34:Infinity":2,"b:35:6:35:30:35:30:35:Infinity":3,"s:37:4:37:Infinity":14,"b:37:22:37:37:37:37:37:38":4,"s:38:4:38:Infinity":15,"b:38:18:38:34:38:34:38:Infinity":5,"s:40:4:40:Infinity":16,"f:44:9:44:18":1,"s:45:2:45:Infinity":17,"f:48:9:48:20":2,"b:49:2:51:Infinity:undefined:undefined:undefined:undefined":6,"s:49:2:51:Infinity":18,"s:50:4:50:Infinity":19,"s:51:4:51:Infinity":20,"f:55:9:55:20":3,"b:56:2:58:Infinity:undefined:undefined:undefined:undefined":7,"s:56:2:58:Infinity":21,"s:57:4:57:Infinity":22,"s:58:4:58:Infinity":23,"f:62:9:62:24":4,"s:63:2:63:Infinity":24,"s:64:2:64:Infinity":25,"s:65:2:65:Infinity":26,"s:66:2:66:Infinity":27,"s:67:2:67:Infinity":28,"s:68:2:68:Infinity":29,"f:71:9:71:13":5,"b:72:2:72:Infinity:undefined:undefined:undefined:undefined":8,"s:72:2:72:Infinity":30,"s:72:10:72:Infinity":31,"s:73:2:73:Infinity":32,"f:76:9:76:22":6,"s:77:38:77:Infinity":33,"s:78:2:78:Infinity":34,"b:78:9:78:27:78:27:78:Infinity":9,"b:78:13:78:18:78:18:78:27":10,"s:81:0:81:Infinity":35,"s:91:9:91:20":36,"s:92:11:92:21":37,"s:95:11:95:21":38,"s:99:11:99:21":39,"s:103:11:103:21":40,"s:113:9:113:19":41,"s:138:16:138:26":42,"s:85:2:151:80":43,"b:86:4:86:9:86:4:88:45":11,"b:93:24:93:31:93:24:93:33":12,"f:93:24:93:31":7,"s:93:24:93:33":44,"b:93:68:93:76:93:68:93:101":13,"f:93:68:93:76":8,"s:93:76:93:86":45,"s:93:86:93:101":46,"b:98:12:98:Infinity:98:12:96:25":14,"b:97:24:97:32:97:24:97:34":15,"f:97:24:97:32":9,"s:97:24:97:34":47,"b:97:59:97:67:97:59:97:90":16,"f:97:59:97:67":10,"s:97:67:97:77":48,"s:97:77:97:90":49,"b:102:12:102:Infinity:102:12:100:25":17,"b:101:24:101:32:101:24:101:34":18,"f:101:24:101:32":11,"s:101:24:101:34":50,"b:101:59:101:67:101:59:101:90":19,"f:101:59:101:67":12,"s:101:67:101:77":51,"s:101:77:101:90":52,"b:109:12:109:Infinity:109:12:104:27":20,"b:105:25:105:39:105:25:105:42":21,"f:105:25:105:39":13,"s:105:25:105:42":53,"b:105:48:105:50:105:48:105:Infinity":22,"f:105:48:105:50":14,"s:105:50:105:60":54,"s:105:60:105:Infinity":55,"b:106:10:106:18:106:10:106:38":23,"f:107:30:107:48":15,"s:107:10:107:101":56,"b:114:17:114:95:114:95:142:101":24,"b:145:14:145:Infinity:145:14:129:Infinity":25,"f:130:32:130:44":16,"s:130:10:139:102":57,"f:130:62:130:67":17,"s:130:69:130:109":58,"b:132:19:132:36:132:36:132:51":26,"b:133:19:133:35:133:35:133:50":27,"b:134:19:134:35:134:35:134:50":28,"b:135:19:135:31:135:31:135:46":29,"b:136:82:136:104:136:104:136:122":30,"b:137:19:137:46:137:46:137:61":31,"f:139:41:139:48":18,"s:139:48:139:88":59,"b:141:31:142:101:142:96:142:101":32,"b:143:15:143:Infinity:143:15:142:101":33,"b:148:44:151:80":34,"b:150:34:150:56:150:56:150:65":35}}}
,"/Users/lixiaoyi/GitRepository/security-analyze-project/frontend/src/views/stock/StockListView.vue": {"path":"/Users/lixiaoyi/GitRepository/security-analyze-project/frontend/src/views/stock/StockListView.vue","statementMap":{"0":{"start":{"line":7,"column":6},"end":{"line":7,"column":25}},"1":{"start":{"line":9,"column":6},"end":{"line":9,"column":18}},"2":{"start":{"line":10,"column":6},"end":{"line":10,"column":19}},"3":{"start":{"line":11,"column":6},"end":{"line":11,"column":22}},"4":{"start":{"line":12,"column":6},"end":{"line":12,"column":21}},"5":{"start":{"line":13,"column":6},"end":{"line":13,"column":23}},"6":{"start":{"line":14,"column":6},"end":{"line":14,"column":19}},"7":{"start":{"line":16,"column":6},"end":{"line":16,"column":null}},"8":{"start":{"line":17,"column":6},"end":{"line":17,"column":19}},"9":{"start":{"line":18,"column":6},"end":{"line":18,"column":25}},"10":{"start":{"line":20,"column":16},"end":{"line":20,"column":null}},"11":{"start":{"line":23,"column":2},"end":{"line":23,"column":null}},"12":{"start":{"line":24,"column":2},"end":{"line":35,"column":null}},"13":{"start":{"line":25,"column":19},"end":{"line":30,"column":null}},"14":{"start":{"line":32,"column":4},"end":{"line":32,"column":null}},"15":{"start":{"line":33,"column":4},"end":{"line":33,"column":null}},"16":{"start":{"line":35,"column":4},"end":{"line":35,"column":null}},"17":{"start":{"line":40,"column":2},"end":{"line":40,"column":null}},"18":{"start":{"line":44,"column":2},"end":{"line":46,"column":null}},"19":{"start":{"line":45,"column":4},"end":{"line":45,"column":null}},"20":{"start":{"line":46,"column":4},"end":{"line":46,"column":null}},"21":{"start":{"line":51,"column":2},"end":{"line":53,"column":null}},"22":{"start":{"line":52,"column":4},"end":{"line":52,"column":null}},"23":{"start":{"line":53,"column":4},"end":{"line":53,"column":null}},"24":{"start":{"line":58,"column":2},"end":{"line":58,"column":null}},"25":{"start":{"line":59,"column":2},"end":{"line":59,"column":null}},"26":{"start":{"line":60,"column":2},"end":{"line":60,"column":null}},"27":{"start":{"line":61,"column":2},"end":{"line":61,"column":null}},"28":{"start":{"line":62,"column":2},"end":{"line":62,"column":null}},"29":{"start":{"line":63,"column":2},"end":{"line":63,"column":null}},"30":{"start":{"line":67,"column":2},"end":{"line":67,"column":null}},"31":{"start":{"line":67,"column":10},"end":{"line":67,"column":null}},"32":{"start":{"line":68,"column":2},"end":{"line":68,"column":null}},"33":{"start":{"line":72,"column":12},"end":{"line":72,"column":28}},"34":{"start":{"line":73,"column":2},"end":{"line":73,"column":null}},"35":{"start":{"line":73,"column":33},"end":{"line":73,"column":null}},"36":{"start":{"line":74,"column":2},"end":{"line":74,"column":null}},"37":{"start":{"line":74,"column":34},"end":{"line":74,"column":null}},"38":{"start":{"line":75,"column":2},"end":{"line":75,"column":null}},"39":{"start":{"line":75,"column":33},"end":{"line":75,"column":null}},"40":{"start":{"line":76,"column":2},"end":{"line":76,"column":null}},"41":{"start":{"line":79,"column":0},"end":{"line":79,"column":null}},"42":{"start":{"line":89,"column":9},"end":{"line":89,"column":20}},"43":{"start":{"line":90,"column":11},"end":{"line":90,"column":21}},"44":{"start":{"line":93,"column":11},"end":{"line":93,"column":21}},"45":{"start":{"line":100,"column":11},"end":{"line":100,"column":21}},"46":{"start":{"line":104,"column":11},"end":{"line":104,"column":21}},"47":{"start":{"line":111,"column":9},"end":{"line":111,"column":19}},"48":{"start":{"line":130,"column":22},"end":{"line":130,"column":32}},"49":{"start":{"line":131,"column":22},"end":{"line":131,"column":32}},"50":{"start":{"line":133,"column":22},"end":{"line":133,"column":32}},"51":{"start":{"line":136,"column":16},"end":{"line":136,"column":26}},"52":{"start":{"line":137,"column":16},"end":{"line":137,"column":26}},"53":{"start":{"line":83,"column":2},"end":{"line":151,"column":77}},"54":{"start":{"line":91,"column":24},"end":{"line":91,"column":33}},"55":{"start":{"line":91,"column":74},"end":{"line":91,"column":84}},"56":{"start":{"line":91,"column":84},"end":{"line":91,"column":99}},"57":{"start":{"line":95,"column":25},"end":{"line":95,"column":34}},"58":{"start":{"line":95,"column":42},"end":{"line":95,"column":52}},"59":{"start":{"line":95,"column":52},"end":{"line":95,"column":null}},"60":{"start":{"line":97,"column":10},"end":{"line":97,"column":75}},"61":{"start":{"line":102,"column":24},"end":{"line":102,"column":34}},"62":{"start":{"line":102,"column":67},"end":{"line":102,"column":77}},"63":{"start":{"line":102,"column":77},"end":{"line":102,"column":90}},"64":{"start":{"line":106,"column":24},"end":{"line":106,"column":30}},"65":{"start":{"line":106,"column":63},"end":{"line":106,"column":73}},"66":{"start":{"line":106,"column":73},"end":{"line":106,"column":86}},"67":{"start":{"line":129,"column":10},"end":{"line":139,"column":86}},"68":{"start":{"line":129,"column":62},"end":{"line":129,"column":86}},"69":{"start":{"line":139,"column":48},"end":{"line":139,"column":72}}},"fnMap":{"0":{"name":"fetchData","decl":{"start":{"line":22,"column":15},"end":{"line":22,"column":27}},"loc":{"start":{"line":22,"column":27},"end":{"line":35,"column":null}},"line":22},"1":{"name":"goDetail","decl":{"start":{"line":39,"column":9},"end":{"line":39,"column":18}},"loc":{"start":{"line":39,"column":37},"end":{"line":40,"column":null}},"line":39},"2":{"name":"prevPage","decl":{"start":{"line":43,"column":9},"end":{"line":43,"column":20}},"loc":{"start":{"line":43,"column":20},"end":{"line":46,"column":null}},"line":43},"3":{"name":"nextPage","decl":{"start":{"line":50,"column":9},"end":{"line":50,"column":20}},"loc":{"start":{"line":50,"column":20},"end":{"line":53,"column":null}},"line":50},"4":{"name":"resetFilters","decl":{"start":{"line":57,"column":9},"end":{"line":57,"column":24}},"loc":{"start":{"line":57,"column":24},"end":{"line":63,"column":null}},"line":57},"5":{"name":"yi","decl":{"start":{"line":66,"column":9},"end":{"line":66,"column":12}},"loc":{"start":{"line":66,"column":30},"end":{"line":68,"column":null}},"line":66},"6":{"name":"exBadgeClass","decl":{"start":{"line":71,"column":9},"end":{"line":71,"column":22}},"loc":{"start":{"line":71,"column":41},"end":{"line":76,"column":null}},"line":71},"7":{"name":"(anonymous_7)","decl":{"start":{"line":91,"column":24},"end":{"line":91,"column":31}},"loc":{"start":{"line":91,"column":24},"end":{"line":91,"column":33}},"line":91},"8":{"name":"(anonymous_8)","decl":{"start":{"line":91,"column":66},"end":{"line":91,"column":74}},"loc":{"start":{"line":91,"column":66},"end":{"line":91,"column":99}},"line":91},"9":{"name":"(anonymous_9)","decl":{"start":{"line":95,"column":25},"end":{"line":95,"column":31}},"loc":{"start":{"line":95,"column":25},"end":{"line":95,"column":34}},"line":95},"10":{"name":"(anonymous_10)","decl":{"start":{"line":95,"column":40},"end":{"line":95,"column":42}},"loc":{"start":{"line":95,"column":40},"end":{"line":95,"column":null}},"line":95},"11":{"name":"(anonymous_11)","decl":{"start":{"line":97,"column":30},"end":{"line":97,"column":40}},"loc":{"start":{"line":97,"column":26},"end":{"line":97,"column":75}},"line":97},"12":{"name":"(anonymous_12)","decl":{"start":{"line":102,"column":24},"end":{"line":102,"column":32}},"loc":{"start":{"line":102,"column":24},"end":{"line":102,"column":34}},"line":102},"13":{"name":"(anonymous_13)","decl":{"start":{"line":102,"column":59},"end":{"line":102,"column":67}},"loc":{"start":{"line":102,"column":59},"end":{"line":102,"column":90}},"line":102},"14":{"name":"(anonymous_14)","decl":{"start":{"line":106,"column":24},"end":{"line":106,"column":28}},"loc":{"start":{"line":106,"column":24},"end":{"line":106,"column":30}},"line":106},"15":{"name":"(anonymous_15)","decl":{"start":{"line":106,"column":55},"end":{"line":106,"column":63}},"loc":{"start":{"line":106,"column":55},"end":{"line":106,"column":86}},"line":106},"16":{"name":"(anonymous_16)","decl":{"start":{"line":129,"column":30},"end":{"line":129,"column":39}},"loc":{"start":{"line":129,"column":26},"end":{"line":139,"column":86}},"line":129},"17":{"name":"(anonymous_17)","decl":{"start":{"line":129,"column":55},"end":{"line":129,"column":60}},"loc":{"start":{"line":129,"column":62},"end":{"line":129,"column":86}},"line":129},"18":{"name":"(anonymous_18)","decl":{"start":{"line":139,"column":41},"end":{"line":139,"column":48}},"loc":{"start":{"line":139,"column":48},"end":{"line":139,"column":72}},"line":139}},"branchMap":{"0":{"loc":{"start":{"line":27,"column":6},"end":{"line":27,"column":null}},"type":"binary-expr","locations":[{"start":{"line":27,"column":6},"end":{"line":27,"column":22}},{"start":{"line":27,"column":22},"end":{"line":27,"column":null}}],"line":27},"1":{"loc":{"start":{"line":28,"column":6},"end":{"line":28,"column":null}},"type":"binary-expr","locations":[{"start":{"line":28,"column":6},"end":{"line":28,"column":24}},{"start":{"line":28,"column":24},"end":{"line":28,"column":null}}],"line":28},"2":{"loc":{"start":{"line":29,"column":6},"end":{"line":29,"column":null}},"type":"binary-expr","locations":[{"start":{"line":29,"column":6},"end":{"line":29,"column":20}},{"start":{"line":29,"column":20},"end":{"line":29,"column":null}}],"line":29},"3":{"loc":{"start":{"line":30,"column":6},"end":{"line":30,"column":null}},"type":"binary-expr","locations":[{"start":{"line":30,"column":6},"end":{"line":30,"column":23}},{"start":{"line":30,"column":23},"end":{"line":30,"column":null}}],"line":30},"4":{"loc":{"start":{"line":32,"column":19},"end":{"line":32,"column":35}},"type":"binary-expr","locations":[{"start":{"line":32,"column":19},"end":{"line":32,"column":34}},{"start":{"line":32,"column":34},"end":{"line":32,"column":35}}],"line":32},"5":{"loc":{"start":{"line":33,"column":18},"end":{"line":33,"column":null}},"type":"binary-expr","locations":[{"start":{"line":33,"column":18},"end":{"line":33,"column":34}},{"start":{"line":33,"column":34},"end":{"line":33,"column":null}}],"line":33},"6":{"loc":{"start":{"line":44,"column":2},"end":{"line":46,"column":null}},"type":"if","locations":[{"start":{"line":44,"column":2},"end":{"line":46,"column":null}},{"start":{},"end":{}}],"line":44},"7":{"loc":{"start":{"line":51,"column":2},"end":{"line":53,"column":null}},"type":"if","locations":[{"start":{"line":51,"column":2},"end":{"line":53,"column":null}},{"start":{},"end":{}}],"line":51},"8":{"loc":{"start":{"line":67,"column":2},"end":{"line":67,"column":null}},"type":"if","locations":[{"start":{"line":67,"column":2},"end":{"line":67,"column":null}},{"start":{},"end":{}}],"line":67},"9":{"loc":{"start":{"line":73,"column":2},"end":{"line":73,"column":null}},"type":"if","locations":[{"start":{"line":73,"column":2},"end":{"line":73,"column":null}},{"start":{},"end":{}}],"line":73},"10":{"loc":{"start":{"line":73,"column":6},"end":{"line":73,"column":33}},"type":"binary-expr","locations":[{"start":{"line":73,"column":6},"end":{"line":73,"column":21}},{"start":{"line":73,"column":21},"end":{"line":73,"column":33}}],"line":73},"11":{"loc":{"start":{"line":74,"column":2},"end":{"line":74,"column":null}},"type":"if","locations":[{"start":{"line":74,"column":2},"end":{"line":74,"column":null}},{"start":{},"end":{}}],"line":74},"12":{"loc":{"start":{"line":74,"column":6},"end":{"line":74,"column":34}},"type":"binary-expr","locations":[{"start":{"line":74,"column":6},"end":{"line":74,"column":22}},{"start":{"line":74,"column":22},"end":{"line":74,"column":34}}],"line":74},"13":{"loc":{"start":{"line":75,"column":2},"end":{"line":75,"column":null}},"type":"if","locations":[{"start":{"line":75,"column":2},"end":{"line":75,"column":null}},{"start":{},"end":{}}],"line":75},"14":{"loc":{"start":{"line":75,"column":6},"end":{"line":75,"column":33}},"type":"binary-expr","locations":[{"start":{"line":75,"column":6},"end":{"line":75,"column":21}},{"start":{"line":75,"column":21},"end":{"line":75,"column":33}}],"line":75},"15":{"loc":{"start":{"line":84,"column":4},"end":{"line":86,"column":53}},"type":"binary-expr","locations":[{"start":{"line":84,"column":4},"end":{"line":84,"column":9}},{"start":{"line":84,"column":4},"end":{"line":86,"column":53}}],"line":84},"16":{"loc":{"start":{"line":91,"column":24},"end":{"line":91,"column":33}},"type":"binary-expr","locations":[{"start":{"line":91,"column":24},"end":{"line":91,"column":31}},{"start":{"line":91,"column":24},"end":{"line":91,"column":33}}],"line":91},"17":{"loc":{"start":{"line":91,"column":66},"end":{"line":91,"column":99}},"type":"binary-expr","locations":[{"start":{"line":91,"column":66},"end":{"line":91,"column":74}},{"start":{"line":91,"column":66},"end":{"line":91,"column":99}}],"line":91},"18":{"loc":{"start":{"line":99,"column":12},"end":{"line":94,"column":25}},"type":"binary-expr","locations":[{"start":{"line":99,"column":12},"end":{"line":99,"column":null}},{"start":{"line":99,"column":12},"end":{"line":94,"column":25}}],"line":99},"19":{"loc":{"start":{"line":95,"column":25},"end":{"line":95,"column":34}},"type":"binary-expr","locations":[{"start":{"line":95,"column":25},"end":{"line":95,"column":31}},{"start":{"line":95,"column":25},"end":{"line":95,"column":34}}],"line":95},"20":{"loc":{"start":{"line":95,"column":40},"end":{"line":95,"column":null}},"type":"binary-expr","locations":[{"start":{"line":95,"column":40},"end":{"line":95,"column":42}},{"start":{"line":95,"column":40},"end":{"line":95,"column":null}}],"line":95},"21":{"loc":{"start":{"line":96,"column":10},"end":{"line":96,"column":38}},"type":"binary-expr","locations":[{"start":{"line":96,"column":10},"end":{"line":96,"column":18}},{"start":{"line":96,"column":10},"end":{"line":96,"column":38}}],"line":96},"22":{"loc":{"start":{"line":103,"column":12},"end":{"line":101,"column":25}},"type":"binary-expr","locations":[{"start":{"line":103,"column":12},"end":{"line":103,"column":null}},{"start":{"line":103,"column":12},"end":{"line":101,"column":25}}],"line":103},"23":{"loc":{"start":{"line":102,"column":24},"end":{"line":102,"column":34}},"type":"binary-expr","locations":[{"start":{"line":102,"column":24},"end":{"line":102,"column":32}},{"start":{"line":102,"column":24},"end":{"line":102,"column":34}}],"line":102},"24":{"loc":{"start":{"line":102,"column":59},"end":{"line":102,"column":90}},"type":"binary-expr","locations":[{"start":{"line":102,"column":59},"end":{"line":102,"column":67}},{"start":{"line":102,"column":59},"end":{"line":102,"column":90}}],"line":102},"25":{"loc":{"start":{"line":107,"column":12},"end":{"line":105,"column":25}},"type":"binary-expr","locations":[{"start":{"line":107,"column":12},"end":{"line":107,"column":null}},{"start":{"line":107,"column":12},"end":{"line":105,"column":25}}],"line":107},"26":{"loc":{"start":{"line":106,"column":24},"end":{"line":106,"column":30}},"type":"binary-expr","locations":[{"start":{"line":106,"column":24},"end":{"line":106,"column":28}},{"start":{"line":106,"column":24},"end":{"line":106,"column":30}}],"line":106},"27":{"loc":{"start":{"line":106,"column":55},"end":{"line":106,"column":86}},"type":"binary-expr","locations":[{"start":{"line":106,"column":55},"end":{"line":106,"column":63}},{"start":{"line":106,"column":55},"end":{"line":106,"column":86}}],"line":106},"28":{"loc":{"start":{"line":112,"column":17},"end":{"line":142,"column":102}},"type":"cond-expr","locations":[{"start":{"line":112,"column":17},"end":{"line":112,"column":95}},{"start":{"line":112,"column":95},"end":{"line":142,"column":102}}],"line":112},"29":{"loc":{"start":{"line":145,"column":14},"end":{"line":128,"column":null}},"type":"binary-expr","locations":[{"start":{"line":145,"column":14},"end":{"line":145,"column":null}},{"start":{"line":145,"column":14},"end":{"line":128,"column":null}}],"line":145},"30":{"loc":{"start":{"line":132,"column":73},"end":{"line":132,"column":104}},"type":"binary-expr","locations":[{"start":{"line":132,"column":73},"end":{"line":132,"column":87}},{"start":{"line":132,"column":87},"end":{"line":132,"column":104}}],"line":132},"31":{"loc":{"start":{"line":133,"column":36},"end":{"line":133,"column":65}},"type":"binary-expr","locations":[{"start":{"line":133,"column":36},"end":{"line":133,"column":48}},{"start":{"line":133,"column":48},"end":{"line":133,"column":65}}],"line":133},"32":{"loc":{"start":{"line":134,"column":19},"end":{"line":134,"column":48}},"type":"binary-expr","locations":[{"start":{"line":134,"column":19},"end":{"line":134,"column":33}},{"start":{"line":134,"column":33},"end":{"line":134,"column":48}}],"line":134},"33":{"loc":{"start":{"line":135,"column":19},"end":{"line":135,"column":44}},"type":"binary-expr","locations":[{"start":{"line":135,"column":19},"end":{"line":135,"column":29}},{"start":{"line":135,"column":29},"end":{"line":135,"column":44}}],"line":135},"34":{"loc":{"start":{"line":138,"column":19},"end":{"line":138,"column":48}},"type":"binary-expr","locations":[{"start":{"line":138,"column":19},"end":{"line":138,"column":33}},{"start":{"line":138,"column":33},"end":{"line":138,"column":48}}],"line":138},"35":{"loc":{"start":{"line":141,"column":21},"end":{"line":142,"column":102}},"type":"cond-expr","locations":[{"start":{"line":141,"column":28},"end":{"line":142,"column":102}},{"start":{"line":142,"column":97},"end":{"line":142,"column":102}}],"line":141},"36":{"loc":{"start":{"line":143,"column":15},"end":{"line":142,"column":102}},"type":"binary-expr","locations":[{"start":{"line":143,"column":15},"end":{"line":143,"column":null}},{"start":{"line":143,"column":15},"end":{"line":142,"column":102}}],"line":143},"37":{"loc":{"start":{"line":148,"column":34},"end":{"line":151,"column":77}},"type":"cond-expr","locations":[{"start":{"line":148,"column":41},"end":{"line":151,"column":77}}],"line":148},"38":{"loc":{"start":{"line":150,"column":34},"end":{"line":150,"column":65}},"type":"binary-expr","locations":[{"start":{"line":150,"column":34},"end":{"line":150,"column":56}},{"start":{"line":150,"column":56},"end":{"line":150,"column":65}}],"line":150}},"s":{"0":5,"1":5,"2":5,"3":5,"4":5,"5":5,"6":5,"7":5,"8":5,"9":5,"10":5,"11":5,"12":5,"13":5,"14":5,"15":5,"16":5,"17":1,"18":0,"19":0,"20":0,"21":0,"22":0,"23":0,"24":0,"25":0,"26":0,"27":0,"28":0,"29":0,"30":10,"31":8,"32":2,"33":5,"34":5,"35":2,"36":3,"37":1,"38":2,"39":1,"40":1,"41":5,"42":1,"43":1,"44":1,"45":1,"46":1,"47":1,"48":1,"49":1,"50":1,"51":1,"52":1,"53":15,"54":0,"55":0,"56":0,"57":0,"58":0,"59":0,"60":60,"61":0,"62":0,"63":0,"64":0,"65":0,"66":0,"67":5,"68":1,"69":0},"f":{"0":5,"1":1,"2":0,"3":0,"4":0,"5":10,"6":5,"7":0,"8":0,"9":0,"10":0,"11":60,"12":0,"13":0,"14":0,"15":0,"16":5,"17":1,"18":0},"b":{"0":[5,5],"1":[5,5],"2":[5,5],"3":[5,5],"4":[5,0],"5":[5,0],"6":[0,0],"7":[0,0],"8":[8,2],"9":[2,3],"10":[5,3],"11":[1,2],"12":[3,2],"13":[1,1],"14":[2,1],"15":[15,5],"16":[15,5],"17":[15,5],"18":[15,5],"19":[15,5],"20":[15,5],"21":[15,5],"22":[15,5],"23":[15,5],"24":[15,5],"25":[15,5],"26":[15,5],"27":[15,5],"28":[5,10],"29":[10,5],"30":[5,1],"31":[5,4],"32":[5,4],"33":[5,4],"34":[5,5],"35":[7,3],"36":[7,5],"37":[3],"38":[3,0]},"meta":{"lastBranch":0,"lastFunction":0,"lastStatement":0,"seen":{}}}
}
